2021-05-09 18:27:14,701 - 
Downloading Utility Log. 
Log started.

Move log to Impt Logs if required as only the 10 most recent logs are kept.

2021-05-09 18:27:14,701 - Autocommand from settings: run
2021-05-09 18:27:14,701 - Command: run
2021-05-09 18:27:14,702 - Current: https://vladm.bandcamp.com/album/nuclear-midnight 
2021-05-09 18:27:14,702 - bandcamp link
2021-05-09 18:27:16,993 - 'unicodeescape' codec can't decode bytes in position 2-3: truncated \UXXXXXXXX escape
Traceback (most recent call last):
  File "C:\Utilities\Scripts\url-dl-v2\dl_downloader.py", line 178, in download
    dl_logger.log_to_file(r"Created directory: "+utils.string_escape_path(r""+folder_path))
  File "C:\Utilities\Scripts\url-dl-v2\dl_utils.py", line 102, in string_escape_path
    return (s.replace("\\"[0:1],"\\").encode("latin1","ignore")       # To bytes, required by 'unicode-escape'
UnicodeDecodeError: 'unicodeescape' codec can't decode bytes in position 2-3: truncated \UXXXXXXXX escape

During handling of the above exception, another exception occurred:

Traceback (most recent call last):
  File "C:\Utilities\Scripts\url-dl-v2\main.py", line 197, in parse_file
    Downloader = download.download(Downloader)
  File "C:\Utilities\Scripts\url-dl-v2\dl_downloader.py", line 180, in download
    print(r"Unable to log ----> Created directory: "+utils.string_escape_path(r""+folder_path))
  File "C:\Utilities\Scripts\url-dl-v2\dl_utils.py", line 102, in string_escape_path
    return (s.replace("\\"[0:1],"\\").encode("latin1","ignore")       # To bytes, required by 'unicode-escape'
UnicodeDecodeError: 'unicodeescape' codec can't decode bytes in position 2-3: truncated \UXXXXXXXX escape
