2021-04-03 16:57:28,099 - 
Downloading Utility Log. 
Log started.

Move log to Impt Logs if required as only the 10 most recent logs are kept.

2021-04-03 16:57:34,435 - Command: dl -youtube https://www.youtube.com/channel/UCZIfhUoFkVPphEtnaZaGDqg
2021-04-03 16:57:34,435 - youtube link
2021-04-03 16:57:35,527 - file_cache is only supported with oauth2client<4.0.0
2021-04-03 16:57:35,637 - {
    "favorites": "",
    "likes": "",
    "uploads": "UUZIfhUoFkVPphEtnaZaGDqg"
}
2021-04-03 16:57:35,637 - Upload Playlist: UUZIfhUoFkVPphEtnaZaGDqg
2021-04-03 16:57:35,691 - Now downloading channel: Simply Software
Video Count: 34
2021-04-03 16:57:35,692 - Channel has 34 videos downloaded.
2021-04-03 16:57:35,692 - Scraping for id: fi8eRT_-UWw
2021-04-03 16:57:36,472 - Scraping for id: 38cGjarMZ00
2021-04-03 16:57:36,941 - Scraping for id: 18-2PKRU_BI
2021-04-03 16:57:37,417 - Scraping for id: rABGhbU6bjE
2021-04-03 16:57:37,964 - Scraping for id: HeYh0OrfNgk
2021-04-03 16:57:38,506 - Scraping for id: xqPzmXDZCnM
2021-04-03 16:57:39,022 - Scraping for id: 89aqjpIps6M
2021-04-03 16:57:39,343 - Scraping for id: gLeWgC9WJhQ
2021-04-03 16:57:39,875 - Scraping for id: Y0t-dmWkdSI
2021-04-03 16:57:40,436 - Scraping for id: mKl5BMbOGfE
2021-04-03 16:57:41,008 - Scraping for id: CPjPRzAjz1w
2021-04-03 16:57:41,447 - Scraping for id: SK607ZReq_g
2021-04-03 16:57:41,789 - Scraping for id: Kad9Pgz94Mo
2021-04-03 16:57:42,354 - Scraping for id: Hyzkk9OuB-4
2021-04-03 16:57:42,959 - Scraping for id: 4mx_IqJdhKo
2021-04-03 16:57:43,365 - Scraping for id: zmWOHdjRtuk
2021-04-03 16:57:43,862 - Scraping for id: FfDmVROwM0o
2021-04-03 16:57:44,213 - Scraping for id: dQgXZ6MOKYY
2021-04-03 16:57:44,571 - Scraping for id: WE0ZX_GApO0
2021-04-03 16:57:45,154 - Scraping for id: SfDvvWVKl0w
2021-04-03 16:57:45,734 - Scraping for id: KVmhgd_uo_Q
2021-04-03 16:57:46,252 - Scraping for id: Rp4bPrgewO0
2021-04-03 16:57:46,793 - Scraping for id: 7frSzoS7Yn4
2021-04-03 16:57:47,285 - Scraping for id: tVgj1g64LFE
2021-04-03 16:57:47,695 - Scraping for id: sI51pH0K_4c
2021-04-03 16:57:48,235 - Scraping for id: N5_tZDjA7IM
2021-04-03 16:57:48,786 - Scraping for id: 8gvRStJme0E
2021-04-03 16:57:49,142 - Scraping for id: NfbsahPMpD4
2021-04-03 16:57:49,713 - Scraping for id: VF1uv4JlvFQ
2021-04-03 16:57:50,200 - Scraping for id: j32U2pJlMXQ
2021-04-03 16:57:50,647 - Scraping for id: kU5QStUwM-I
2021-04-03 16:57:51,164 - Scraping for id: tWuJQocEYFw
2021-04-03 16:57:51,527 - Scraping for id: hLD3dmA6Pkc
2021-04-03 16:57:51,857 - Scraping for id: TVqxXPgn550
2021-04-03 16:57:52,320 - ! Video (https://youtu.be/fi8eRT_-UWw|Illegear Onyx V Ryzen Review - First impressions of this local branded gaming laptop) usual forced error.
2021-04-03 16:57:52,321 - Unable to use main Youtube Extractor, switching to Youtube-dl backend.
2021-04-03 16:57:54,960 - Done downloading audio.
2021-04-03 16:58:08,034 - Done downloading video.
2021-04-03 16:58:08,034 - ! Video (https://youtu.be/38cGjarMZ00|Lenovo Legion Y7000 SE PG0 Review The ultimate budget gaming laptop) usual forced error.
2021-04-03 16:58:08,035 - Unable to use main Youtube Extractor, switching to Youtube-dl backend.
2021-04-03 16:58:09,127 - Done downloading audio.
2021-04-03 16:58:16,370 - Done downloading video.
2021-04-03 16:58:16,371 - ! Video (https://youtu.be/18-2PKRU_BI|Watch THIS video before you buy a smartphone Choosing a phone based on its processor!) usual forced error.
2021-04-03 16:58:16,372 - Unable to use main Youtube Extractor, switching to Youtube-dl backend.
2021-04-03 16:58:17,360 - Done downloading audio.
2021-04-03 16:58:24,835 - Done downloading video.
2021-04-03 16:58:24,836 - ! Video (https://youtu.be/rABGhbU6bjE|Why you should STOP downloading 'free' pirated Minecraft and how computer virus infects a computer.) usual forced error.
2021-04-03 16:58:24,837 - Unable to use main Youtube Extractor, switching to Youtube-dl backend.
2021-04-03 16:58:26,289 - Done downloading audio.
2021-04-03 16:58:26,334 - ERROR: WARNING: unable to obtain file audio codec with ffprobe
Traceback (most recent call last):
  File "C:\Users\sanpee\AppData\Local\Programs\Python\Python38-32\lib\site-packages\youtube_dl\YoutubeDL.py", line 2106, in post_process
    files_to_delete, info = pp.run(info)
  File "C:\Users\sanpee\AppData\Local\Programs\Python\Python38-32\lib\site-packages\youtube_dl\postprocessor\ffmpeg.py", line 274, in run
    raise PostProcessingError('WARNING: unable to obtain file audio codec with ffprobe')
youtube_dl.utils.PostProcessingError: WARNING: unable to obtain file audio codec with ffprobe

During handling of the above exception, another exception occurred:

Traceback (most recent call last):
  File "C:\Utilities\Scripts\url-dl-v2\extractors\youtube.py", line 615, in download_handler
    youtube_dl_backup(video_info["url"],root_download_dir)
  File "C:\Utilities\Scripts\url-dl-v2\extractors\youtube.py", line 97, in youtube_dl_backup
    ydl.download([url])
  File "C:\Users\sanpee\AppData\Local\Programs\Python\Python38-32\lib\site-packages\youtube_dl\YoutubeDL.py", line 2059, in download
    res = self.extract_info(
  File "C:\Users\sanpee\AppData\Local\Programs\Python\Python38-32\lib\site-packages\youtube_dl\YoutubeDL.py", line 799, in extract_info
    return self.__extract_info(url, ie, download, extra_info, process)
  File "C:\Users\sanpee\AppData\Local\Programs\Python\Python38-32\lib\site-packages\youtube_dl\YoutubeDL.py", line 806, in wrapper
    return func(self, *args, **kwargs)
  File "C:\Users\sanpee\AppData\Local\Programs\Python\Python38-32\lib\site-packages\youtube_dl\YoutubeDL.py", line 838, in __extract_info
    return self.process_ie_result(ie_result, download, extra_info)
  File "C:\Users\sanpee\AppData\Local\Programs\Python\Python38-32\lib\site-packages\youtube_dl\YoutubeDL.py", line 872, in process_ie_result
    return self.process_video_result(ie_result, download=download)
  File "C:\Users\sanpee\AppData\Local\Programs\Python\Python38-32\lib\site-packages\youtube_dl\YoutubeDL.py", line 1683, in process_video_result
    self.process_info(new_info)
  File "C:\Users\sanpee\AppData\Local\Programs\Python\Python38-32\lib\site-packages\youtube_dl\YoutubeDL.py", line 2041, in process_info
    self.post_process(filename, info_dict)
  File "C:\Users\sanpee\AppData\Local\Programs\Python\Python38-32\lib\site-packages\youtube_dl\YoutubeDL.py", line 2108, in post_process
    self.report_error(e.msg)
  File "C:\Users\sanpee\AppData\Local\Programs\Python\Python38-32\lib\site-packages\youtube_dl\YoutubeDL.py", line 628, in report_error
    self.trouble(error_message, tb)
  File "C:\Users\sanpee\AppData\Local\Programs\Python\Python38-32\lib\site-packages\youtube_dl\YoutubeDL.py", line 598, in trouble
    raise DownloadError(message, exc_info)
youtube_dl.utils.DownloadError: ERROR: WARNING: unable to obtain file audio codec with ffprobe
2021-04-03 16:58:26,339 - ! Video (https://youtu.be/HeYh0OrfNgk|Nokia 8110 Hands-on Review The Banana Phone is Back) usual forced error.
2021-04-03 16:58:26,339 - Unable to use main Youtube Extractor, switching to Youtube-dl backend.
2021-04-03 16:58:28,204 - Done downloading audio.
2021-04-03 16:58:37,607 - Done downloading video.
2021-04-03 16:58:37,608 - ! Video (https://youtu.be/xqPzmXDZCnM|Tech Myths for Dummies) usual forced error.
2021-04-03 16:58:37,608 - Unable to use main Youtube Extractor, switching to Youtube-dl backend.
2021-04-03 16:58:39,048 - Done downloading audio.
2021-04-03 16:58:50,642 - Done downloading video.
2021-04-03 16:58:50,643 - ! Video (https://youtu.be/89aqjpIps6M|What THIS before buying a new computer What's inside) usual forced error.
2021-04-03 16:58:50,644 - Unable to use main Youtube Extractor, switching to Youtube-dl backend.
2021-04-03 16:58:52,354 - Done downloading audio.
2021-04-03 16:59:00,319 - Done downloading video.
2021-04-03 16:59:00,319 - ! Video (https://youtu.be/gLeWgC9WJhQ|NFT Aquaponics Farm System High Tech FARMING!) usual forced error.
2021-04-03 16:59:00,320 - Unable to use main Youtube Extractor, switching to Youtube-dl backend.
2021-04-03 16:59:01,373 - Done downloading audio.
2021-04-03 16:59:09,338 - Done downloading video.
2021-04-03 16:59:09,339 - ! Video (https://youtu.be/Y0t-dmWkdSI|Budget eBook Reader Review Amazon Kindle 2020) usual forced error.
2021-04-03 16:59:09,339 - Unable to use main Youtube Extractor, switching to Youtube-dl backend.
2021-04-03 16:59:12,648 - Done downloading audio.
2021-04-03 16:59:41,067 - Done downloading video.
2021-04-03 16:59:41,068 - ! Video (https://youtu.be/mKl5BMbOGfE|Budget Apple Watch and iPhone Review Apple Watch SE & iPhone SE 2020 combo!) usual forced error.
2021-04-03 16:59:41,070 - Unable to use main Youtube Extractor, switching to Youtube-dl backend.
2021-04-03 16:59:43,092 - Done downloading audio.
2021-04-03 16:59:55,690 - Done downloading video.
2021-04-03 16:59:55,691 - ! Video (https://youtu.be/CPjPRzAjz1w|Budget iPhone SE 2020 Review) usual forced error.
2021-04-03 16:59:55,692 - Unable to use main Youtube Extractor, switching to Youtube-dl backend.
2021-04-03 16:59:57,248 - Done downloading audio.
2021-04-03 17:00:24,387 - Done downloading video.
2021-04-03 17:00:24,388 - ! Video (https://youtu.be/SK607ZReq_g|Who REALLY control the Internet) usual forced error.
2021-04-03 17:00:24,389 - Unable to use main Youtube Extractor, switching to Youtube-dl backend.
2021-04-03 17:00:27,133 - Done downloading audio.
2021-04-03 17:00:44,196 - Done downloading video.
2021-04-03 17:00:44,197 - ! Video (https://youtu.be/Kad9Pgz94Mo|Budget Gaming Mouse Review AULA S20, Lenovo Armaggeddon Textron Scorpion 5) usual forced error.
2021-04-03 17:00:44,198 - Unable to use main Youtube Extractor, switching to Youtube-dl backend.
2021-04-03 17:00:45,516 - Done downloading audio.
2021-04-03 17:00:55,995 - Done downloading video.
2021-04-03 17:00:55,996 - ! Video (https://youtu.be/Hyzkk9OuB-4|Top 7 Best Mobile Video Editing Apps of 2020) usual forced error.
2021-04-03 17:00:55,997 - Unable to use main Youtube Extractor, switching to Youtube-dl backend.
2021-04-03 17:00:59,033 - Done downloading audio.
2021-04-03 17:01:13,629 - Done downloading video.
2021-04-03 17:01:13,630 - ! Video (https://youtu.be/4mx_IqJdhKo|Microsoft Office Suite Free Alternative) usual forced error.
2021-04-03 17:01:13,631 - Unable to use main Youtube Extractor, switching to Youtube-dl backend.
2021-04-03 17:01:15,922 - Done downloading audio.
2021-04-03 17:01:28,079 - Done downloading video.
2021-04-03 17:01:28,080 - ! Video (https://youtu.be/zmWOHdjRtuk|Budget RGB Keyboards Review Aula F2088 & Armaggeddon AK666x Kalashnikov) usual forced error.
2021-04-03 17:01:28,081 - Unable to use main Youtube Extractor, switching to Youtube-dl backend.
2021-04-03 17:01:29,809 - Done downloading audio.
2021-04-03 17:01:48,187 - Done downloading video.
2021-04-03 17:01:48,188 - ! Video (https://youtu.be/FfDmVROwM0o|iPad Pro 2020 Review  Beware PC Laptops) usual forced error.
2021-04-03 17:01:48,188 - Unable to use main Youtube Extractor, switching to Youtube-dl backend.
2021-04-03 17:01:50,036 - Done downloading audio.
2021-04-03 17:02:11,944 - Done downloading video.
2021-04-03 17:02:11,945 - ! Video (https://youtu.be/dQgXZ6MOKYY|Samsung Galaxy S10+ Review  Flagship of Yesteryear) usual forced error.
2021-04-03 17:02:11,946 - Unable to use main Youtube Extractor, switching to Youtube-dl backend.
2021-04-03 17:02:13,492 - Done downloading audio.
2021-04-03 17:02:26,806 - Done downloading video.
2021-04-03 17:02:26,807 - ! Video (https://youtu.be/WE0ZX_GApO0|Huawei Y9 Prime 2019 Review) usual forced error.
2021-04-03 17:02:26,808 - Unable to use main Youtube Extractor, switching to Youtube-dl backend.
2021-04-03 17:02:28,065 - Done downloading audio.
2021-04-03 17:02:34,820 - Done downloading video.
2021-04-03 17:02:34,821 - ! Video (https://youtu.be/SfDvvWVKl0w|Audacity Noise Reduction and Effects #3) usual forced error.
2021-04-03 17:02:34,821 - Unable to use main Youtube Extractor, switching to Youtube-dl backend.
2021-04-03 17:02:38,125 - Done downloading audio.
2021-04-03 17:02:48,728 - Done downloading video.
2021-04-03 17:02:48,729 - ! Video (https://youtu.be/KVmhgd_uo_Q|Audacity Advance Editing (Toolbars and Shortcuts) #2) usual forced error.
2021-04-03 17:02:48,730 - Unable to use main Youtube Extractor, switching to Youtube-dl backend.
2021-04-03 17:02:50,956 - Done downloading audio.
2021-04-03 17:02:57,291 - Done downloading video.
2021-04-03 17:02:57,291 - ! Video (https://youtu.be/Rp4bPrgewO0|Audacity Basics #1) usual forced error.
2021-04-03 17:02:57,292 - Unable to use main Youtube Extractor, switching to Youtube-dl backend.
2021-04-03 17:03:00,114 - Done downloading audio.
2021-04-03 17:03:08,607 - Done downloading video.
2021-04-03 17:03:08,608 - ! Video (https://youtu.be/7frSzoS7Yn4|Channel Trailer) usual forced error.
2021-04-03 17:03:08,609 - Unable to use main Youtube Extractor, switching to Youtube-dl backend.
2021-04-03 17:03:09,823 - Done downloading audio.
2021-04-03 17:03:12,027 - Done downloading video.
2021-04-03 17:03:12,028 - ! Video (https://youtu.be/tVgj1g64LFE|Top 4 Easy Special Effects (with DaVinci Resolve)) usual forced error.
2021-04-03 17:03:12,029 - Unable to use main Youtube Extractor, switching to Youtube-dl backend.
2021-04-03 17:03:13,792 - Done downloading audio.
2021-04-03 17:03:20,950 - Done downloading video.
2021-04-03 17:03:20,950 - ! Video (https://youtu.be/sI51pH0K_4c|Sony H.ear On 2 - First Step To Premium) usual forced error.
2021-04-03 17:03:20,951 - Unable to use main Youtube Extractor, switching to Youtube-dl backend.
2021-04-03 17:03:25,804 - Done downloading audio.
2021-04-03 17:03:46,084 - Done downloading video.
2021-04-03 17:03:46,085 - ! Video (https://youtu.be/N5_tZDjA7IM|Virtual Private Networks - Private, Discrete, Incognito !) usual forced error.
2021-04-03 17:03:46,086 - Unable to use main Youtube Extractor, switching to Youtube-dl backend.
2021-04-03 17:03:48,400 - Done downloading audio.
2021-04-03 17:03:53,803 - Done downloading video.
2021-04-03 17:03:53,803 - ! Video (https://youtu.be/8gvRStJme0E|How To Protect Your Online Security) usual forced error.
2021-04-03 17:03:53,804 - Unable to use main Youtube Extractor, switching to Youtube-dl backend.
2021-04-03 17:03:55,526 - Done downloading audio.
2021-04-03 17:04:03,411 - Done downloading video.
2021-04-03 17:04:03,412 - ! Video (https://youtu.be/NfbsahPMpD4|Lightworks Split Screen effects #5) usual forced error.
2021-04-03 17:04:03,413 - Unable to use main Youtube Extractor, switching to Youtube-dl backend.
2021-04-03 17:04:05,482 - Done downloading audio.
2021-04-03 17:04:13,747 - Done downloading video.
2021-04-03 17:04:13,747 - ! Video (https://youtu.be/VF1uv4JlvFQ|Lightworks VFX (Effects, Titles, Transition and More!) #4) usual forced error.
2021-04-03 17:04:13,749 - Unable to use main Youtube Extractor, switching to Youtube-dl backend.
2021-04-03 17:04:16,762 - Done downloading audio.
2021-04-03 17:04:31,961 - Done downloading video.
2021-04-03 17:04:31,962 - ! Video (https://youtu.be/j32U2pJlMXQ|Lightworks Advance Editing (Keyboard Shortcuts, Commands and More!) #3) usual forced error.
2021-04-03 17:04:31,963 - Unable to use main Youtube Extractor, switching to Youtube-dl backend.
2021-04-03 17:04:36,950 - Done downloading audio.
2021-04-03 17:04:47,953 - Done downloading video.
2021-04-03 17:04:47,954 - ! Video (https://youtu.be/kU5QStUwM-I|Lightworks Basics #1) usual forced error.
2021-04-03 17:04:47,955 - Unable to use main Youtube Extractor, switching to Youtube-dl backend.
2021-04-03 17:04:51,358 - Done downloading audio.
2021-04-03 17:05:04,401 - Done downloading video.
2021-04-03 17:05:04,401 - ! Video (https://youtu.be/tWuJQocEYFw|Lightworks Picture in Picture #2) usual forced error.
2021-04-03 17:05:04,402 - Unable to use main Youtube Extractor, switching to Youtube-dl backend.
2021-04-03 17:05:08,722 - Done downloading audio.
2021-04-03 17:05:19,189 - Done downloading video.
2021-04-03 17:05:19,189 - ! Video (https://youtu.be/hLD3dmA6Pkc|Channel Trailer Predecessor) usual forced error.
2021-04-03 17:05:19,190 - Unable to use main Youtube Extractor, switching to Youtube-dl backend.
2021-04-03 17:05:20,188 - Done downloading audio.
2021-04-03 17:05:22,464 - Done downloading video.
2021-04-03 17:05:22,464 - ! Video (https://youtu.be/TVqxXPgn550|Free video editing software WITHOUT WATERMARKS! Lightworks NLE) usual forced error.
2021-04-03 17:05:22,466 - Unable to use main Youtube Extractor, switching to Youtube-dl backend.
2021-04-03 17:05:24,791 - Done downloading audio.
2021-04-03 17:05:31,891 - Done downloading video.
2021-04-03 17:05:31,892 - Creating download information json.
2021-04-03 17:05:31,894 - Writing text file.
2021-04-03 17:05:31,894 - Downloading: Simply Software - Channel Image.png
2021-04-03 17:05:32,284 - Writing text file.
2021-04-03 17:05:32,284 - Downloading: Illegear Onyx V Ryzen Review - First impressions of this local branded gaming laptop - Thumbnail.png
2021-04-03 17:05:32,733 - Writing text file.
2021-04-03 17:05:32,733 - Downloading: Lenovo Legion Y7000 SE PG0 Review The ultimate budget gaming laptop - Thumbnail.png
2021-04-03 17:05:33,185 - Writing text file.
2021-04-03 17:05:33,185 - Downloading: Watch THIS video before you buy a smartphone Choosing a phone based on its processor! - Thumbnail.png
2021-04-03 17:05:33,656 - Created directory: C:\Utilities\Scripts\url-dl-v2 output\youtube\channels\Simply Software\Why you should STOP downloading 'free' pirated Minecraft and how computer virus infects a computer.
2021-04-03 17:05:33,657 - Writing text file.
2021-04-03 17:05:33,657 - Downloading: Why you should STOP downloading 'free' pirated Minecraft and how computer virus infects a computer. - Thumbnail.png
2021-04-03 17:05:34,100 - Writing text file.
2021-04-03 17:05:34,100 - Downloading: Nokia 8110 Hands-on Review The Banana Phone is Back - Thumbnail.png
2021-04-03 17:05:34,601 - Writing text file.
2021-04-03 17:05:34,601 - Downloading: Tech Myths for Dummies - Thumbnail.png
2021-04-03 17:05:34,762 - Writing text file.
2021-04-03 17:05:34,762 - Downloading: What THIS before buying a new computer What's inside - Thumbnail.png
2021-04-03 17:05:35,246 - Writing text file.
2021-04-03 17:05:35,246 - Downloading: NFT Aquaponics Farm System High Tech FARMING! - Thumbnail.png
2021-04-03 17:05:35,704 - Writing text file.
2021-04-03 17:05:35,704 - Downloading: Budget eBook Reader Review Amazon Kindle 2020 - Thumbnail.png
2021-04-03 17:05:36,203 - Writing text file.
2021-04-03 17:05:36,203 - Downloading: Budget Apple Watch and iPhone Review Apple Watch SE & iPhone SE 2020 combo! - Thumbnail.png
2021-04-03 17:05:36,451 - Writing text file.
2021-04-03 17:05:36,451 - Downloading: Budget iPhone SE 2020 Review - Thumbnail.png
2021-04-03 17:05:36,890 - Writing text file.
2021-04-03 17:05:36,891 - Downloading: Who REALLY control the Internet - Thumbnail.png
2021-04-03 17:05:37,152 - Writing text file.
2021-04-03 17:05:37,152 - Downloading: Budget Gaming Mouse Review AULA S20, Lenovo Armaggeddon Textron Scorpion 5 - Thumbnail.png
2021-04-03 17:05:37,416 - Writing text file.
2021-04-03 17:05:37,417 - Downloading: Top 7 Best Mobile Video Editing Apps of 2020 - Thumbnail.png
2021-04-03 17:05:37,881 - Writing text file.
2021-04-03 17:05:37,881 - Downloading: Microsoft Office Suite Free Alternative - Thumbnail.png
2021-04-03 17:05:38,359 - Writing text file.
2021-04-03 17:05:38,359 - Downloading: Budget RGB Keyboards Review Aula F2088 & Armaggeddon AK666x Kalashnikov - Thumbnail.png
2021-04-03 17:05:38,409 - Writing text file.
2021-04-03 17:05:38,409 - Downloading: iPad Pro 2020 Review  Beware PC Laptops - Thumbnail.png
2021-04-03 17:05:38,869 - Writing text file.
2021-04-03 17:05:38,869 - Downloading: Samsung Galaxy S10+ Review  Flagship of Yesteryear - Thumbnail.png
2021-04-03 17:05:39,317 - Writing text file.
2021-04-03 17:05:39,317 - Downloading: Huawei Y9 Prime 2019 Review - Thumbnail.png
2021-04-03 17:05:39,824 - Writing text file.
2021-04-03 17:05:39,824 - Downloading: Audacity Noise Reduction and Effects #3 - Thumbnail.png
2021-04-03 17:05:40,289 - Writing text file.
2021-04-03 17:05:40,289 - Downloading: Audacity Advance Editing (Toolbars and Shortcuts) #2 - Thumbnail.png
2021-04-03 17:05:40,766 - Writing text file.
2021-04-03 17:05:40,766 - Downloading: Audacity Basics #1 - Thumbnail.png
2021-04-03 17:05:41,244 - Writing text file.
2021-04-03 17:05:41,244 - Downloading: Channel Trailer - Thumbnail.png
2021-04-03 17:05:41,463 - Writing text file.
2021-04-03 17:05:41,463 - Downloading: Top 4 Easy Special Effects (with DaVinci Resolve) - Thumbnail.png
2021-04-03 17:05:42,011 - Writing text file.
2021-04-03 17:05:42,011 - Downloading: Sony H.ear On 2 - First Step To Premium - Thumbnail.png
2021-04-03 17:05:42,566 - Writing text file.
2021-04-03 17:05:42,566 - Downloading: Virtual Private Networks - Private, Discrete, Incognito ! - Thumbnail.png
2021-04-03 17:05:43,044 - Writing text file.
2021-04-03 17:05:43,044 - Downloading: How To Protect Your Online Security - Thumbnail.png
2021-04-03 17:05:43,332 - Writing text file.
2021-04-03 17:05:43,332 - Downloading: Lightworks Split Screen effects #5 - Thumbnail.png
2021-04-03 17:05:43,807 - Writing text file.
2021-04-03 17:05:43,807 - Downloading: Lightworks VFX (Effects, Titles, Transition and More!) #4 - Thumbnail.png
2021-04-03 17:05:44,300 - Writing text file.
2021-04-03 17:05:44,300 - Downloading: Lightworks Advance Editing (Keyboard Shortcuts, Commands and More!) #3 - Thumbnail.png
2021-04-03 17:05:44,444 - Writing text file.
2021-04-03 17:05:44,445 - Downloading: Lightworks Basics #1 - Thumbnail.png
2021-04-03 17:05:44,990 - Writing text file.
2021-04-03 17:05:44,991 - Downloading: Lightworks Picture in Picture #2 - Thumbnail.png
2021-04-03 17:05:45,455 - Writing text file.
2021-04-03 17:05:45,455 - Downloading: Channel Trailer Predecessor - Thumbnail.png
2021-04-03 17:05:45,904 - Writing text file.
2021-04-03 17:05:45,904 - Downloading: Free video editing software WITHOUT WATERMARKS! Lightworks NLE - Thumbnail.png
2021-04-03 17:05:46,362 - Download for |https://www.youtube.com/channel/UCZIfhUoFkVPphEtnaZaGDqg| complete.

