2021-07-10 18:51:56,551 - 
Downloading Utility Log. 
Log started.

Move log to Impt Logs if required as only the 10 most recent logs are kept.

2021-07-10 18:51:56,551 - Autocommand from settings: run
2021-07-10 18:51:56,551 - Command: run
2021-07-10 18:51:56,552 - Current: https://youtu.be/yyPTX5Ivuz8 
2021-07-10 18:51:56,552 - youtube link
2021-07-10 18:51:57,156 - Scraping for id: yyPTX5Ivuz8
2021-07-10 18:51:57,872 - Unable to use main Youtube Extractor, switching to Youtube-dl backend for https://youtu.be/yyPTX5Ivuz8.
2021-07-10 18:52:43,331 - Done downloading video.
2021-07-10 18:52:45,337 - Done downloading audio.
2021-07-10 18:52:47,385 - Creating download information json.
2021-07-10 18:52:47,386 - Writing text file.
2021-07-10 18:52:47,386 - Downloading: [Bass House] Tw3Lv3 ~ Long Live The King [Equinity 01] - Thumbnail.png
2021-07-10 18:52:47,450 - Merging audio and video files.
2021-07-10 18:52:49,307 - Adding thumbnail to video file.
2021-07-10 18:52:49,472 - Trying to apply metadata
2021-07-10 18:52:49,472 - Applying mp3 cover
2021-07-10 18:52:49,499 - Applied Metadata.
2021-07-10 18:52:49,504 - Video file does not exist.
2021-07-10 18:52:49,504 - Download for https://youtu.be/yyPTX5Ivuz8 complete.

2021-07-10 18:52:49,505 - Writing to history...
2021-07-10 18:52:49,506 - Done.
2021-07-10 18:52:49,506 - Current: https://youtu.be/ojIzzrnuNiI 
2021-07-10 18:52:49,506 - youtube link
2021-07-10 18:52:49,507 - Scraping for id: ojIzzrnuNiI
2021-07-10 18:52:50,257 - Unable to use main Youtube Extractor, switching to Youtube-dl backend for https://youtu.be/ojIzzrnuNiI.
2021-07-10 18:54:00,171 - Done downloading video.
2021-07-10 18:54:02,142 - Done downloading audio.
2021-07-10 18:54:04,342 - Creating download information json.
2021-07-10 18:54:04,343 - Writing text file.
2021-07-10 18:54:04,343 - Downloading: [Drum&Bass] Tw3Lv3 ~ The Smile Song (Remix) - Thumbnail.png
2021-07-10 18:54:04,477 - Merging audio and video files.
2021-07-10 18:54:06,616 - Adding thumbnail to video file.
2021-07-10 18:54:06,913 - Trying to apply metadata
2021-07-10 18:54:06,913 - Applying mp3 cover
2021-07-10 18:54:06,925 - Applied Metadata.
2021-07-10 18:54:06,941 - Video file does not exist.
2021-07-10 18:54:06,941 - Download for https://youtu.be/ojIzzrnuNiI complete.

2021-07-10 18:54:06,942 - Writing to history...
2021-07-10 18:54:06,943 - Done.
2021-07-10 18:54:06,943 - Current: https://youtu.be/v_bflHDZ5B0 
2021-07-10 18:54:06,943 - youtube link
2021-07-10 18:54:06,944 - Scraping for id: v_bflHDZ5B0
2021-07-10 18:54:07,702 - Unable to use main Youtube Extractor, switching to Youtube-dl backend for https://youtu.be/v_bflHDZ5B0.
2021-07-10 18:58:20,182 - Done downloading video.
2021-07-10 18:58:22,494 - Done downloading audio.
2021-07-10 18:58:25,358 - Creating download information json.
2021-07-10 18:58:25,359 - Writing text file.
2021-07-10 18:58:25,359 - Downloading: [Psytrance_Riddim] Astral & Tw3Lv3 - Smash Bananas - Thumbnail.png
2021-07-10 18:58:25,614 - Merging audio and video files.
2021-07-10 18:58:28,307 - Adding thumbnail to video file.
2021-07-10 18:58:28,695 - Trying to apply metadata
2021-07-10 18:58:28,695 - Applying mp3 cover
2021-07-10 18:58:28,710 - Applied Metadata.
2021-07-10 18:58:28,738 - Video file does not exist.
2021-07-10 18:58:28,738 - Download for https://youtu.be/v_bflHDZ5B0 complete.

2021-07-10 18:58:28,739 - Writing to history...
2021-07-10 18:58:28,740 - Done.
2021-07-10 18:58:28,740 - Current: https://youtu.be/LTEwBaY0HnI 
2021-07-10 18:58:28,741 - youtube link
2021-07-10 18:58:28,741 - Scraping for id: LTEwBaY0HnI
2021-07-10 18:58:29,579 - Unable to use main Youtube Extractor, switching to Youtube-dl backend for https://youtu.be/LTEwBaY0HnI.
2021-07-10 18:58:57,316 - Done downloading video.
2021-07-10 18:58:59,592 - Done downloading audio.
2021-07-10 18:59:02,632 - Creating download information json.
2021-07-10 18:59:02,633 - Writing text file.
2021-07-10 18:59:02,633 - Downloading: [Melodic House] Tw3Lv3 & Lorris ~ Horizon [Equinity 01] - Thumbnail.png
2021-07-10 18:59:02,806 - Merging audio and video files.
2021-07-10 18:59:05,254 - Adding thumbnail to video file.
2021-07-10 18:59:05,433 - Trying to apply metadata
2021-07-10 18:59:05,433 - Applying mp3 cover
2021-07-10 18:59:05,446 - Applied Metadata.
2021-07-10 18:59:05,450 - Video file does not exist.
2021-07-10 18:59:05,450 - Download for https://youtu.be/LTEwBaY0HnI complete.

2021-07-10 18:59:05,451 - Writing to history...
2021-07-10 18:59:05,452 - Done.
2021-07-10 18:59:05,452 - Current: https://youtu.be/2XzfhinhfLQ 
2021-07-10 18:59:05,452 - youtube link
2021-07-10 18:59:05,453 - Scraping for id: 2XzfhinhfLQ
2021-07-10 18:59:06,192 - Unable to use main Youtube Extractor, switching to Youtube-dl backend for https://youtu.be/2XzfhinhfLQ.
2021-07-10 18:59:29,834 - Done downloading video.
2021-07-10 19:00:16,418 - Done downloading audio.
2021-07-10 19:00:18,913 - Creating download information json.
2021-07-10 19:00:18,913 - Writing text file.
2021-07-10 19:00:18,914 - Downloading: [Psytrance_Rap] Doodled & Tw3Lv3 ~ Sunrise [Equinity 01] - Thumbnail.png
2021-07-10 19:00:19,215 - Merging audio and video files.
2021-07-10 19:00:21,204 - Adding thumbnail to video file.
2021-07-10 19:00:21,347 - Trying to apply metadata
2021-07-10 19:00:21,347 - Applying mp3 cover
2021-07-10 19:00:21,357 - Applied Metadata.
2021-07-10 19:00:21,361 - Video file does not exist.
2021-07-10 19:00:21,361 - Download for https://youtu.be/2XzfhinhfLQ complete.

2021-07-10 19:00:21,362 - Writing to history...
2021-07-10 19:00:21,363 - Done.
2021-07-10 19:00:21,363 - Current: https://youtu.be/-SmxswUrdg8 
2021-07-10 19:00:21,363 - youtube link
2021-07-10 19:00:21,364 - Scraping for id: -SmxswUrdg8
2021-07-10 19:00:22,036 - Unable to use main Youtube Extractor, switching to Youtube-dl backend for https://youtu.be/-SmxswUrdg8.
2021-07-10 19:01:43,216 - Done downloading video.
2021-07-10 19:01:46,588 - Done downloading audio.
2021-07-10 19:01:49,888 - Creating download information json.
2021-07-10 19:01:49,889 - Writing text file.
2021-07-10 19:01:49,889 - Downloading: [Liquid Drum&Bass] Tw3Lv3 ~ Sonic Rainboom - Thumbnail.png
2021-07-10 19:01:50,290 - Merging audio and video files.
2021-07-10 19:01:52,849 - Adding thumbnail to video file.
2021-07-10 19:01:53,082 - Trying to apply metadata
2021-07-10 19:01:53,082 - Applying mp3 cover
2021-07-10 19:01:53,095 - Applied Metadata.
2021-07-10 19:01:53,104 - Video file does not exist.
2021-07-10 19:01:53,105 - Download for https://youtu.be/-SmxswUrdg8 complete.

2021-07-10 19:01:53,105 - Writing to history...
2021-07-10 19:01:53,106 - Done.
2021-07-10 19:01:53,106 - Current: https://youtu.be/_KfSGqj0zEE 
2021-07-10 19:01:53,107 - youtube link
2021-07-10 19:01:53,108 - Scraping for id: _KfSGqj0zEE
2021-07-10 19:01:53,764 - Unable to use main Youtube Extractor, switching to Youtube-dl backend for https://youtu.be/_KfSGqj0zEE.
2021-07-10 19:02:05,915 - Done downloading video.
2021-07-10 19:02:07,622 - Done downloading audio.
2021-07-10 19:02:10,017 - Creating download information json.
2021-07-10 19:02:10,018 - Writing text file.
2021-07-10 19:02:10,018 - Downloading: [Liquid Drum&Bass] Tw3Lv3 ~ I'm sorry - Thumbnail.png
2021-07-10 19:02:10,147 - Merging audio and video files.
2021-07-10 19:02:11,986 - Adding thumbnail to video file.
2021-07-10 19:02:12,129 - Trying to apply metadata
2021-07-10 19:02:12,130 - Applying mp3 cover
2021-07-10 19:02:12,140 - Applied Metadata.
2021-07-10 19:02:12,143 - Video file does not exist.
2021-07-10 19:02:12,143 - Download for https://youtu.be/_KfSGqj0zEE complete.

2021-07-10 19:02:12,144 - Writing to history...
2021-07-10 19:02:12,145 - Done.
2021-07-10 19:02:12,145 - Current: https://youtu.be/C8fT3IO21sE 
2021-07-10 19:02:12,146 - youtube link
2021-07-10 19:02:12,146 - Scraping for id: C8fT3IO21sE
2021-07-10 19:02:13,011 - Unable to use main Youtube Extractor, switching to Youtube-dl backend for https://youtu.be/C8fT3IO21sE.
2021-07-10 19:02:41,541 - Done downloading video.
2021-07-10 19:02:44,485 - Done downloading audio.
2021-07-10 19:02:47,607 - Creating download information json.
2021-07-10 19:02:47,607 - Writing text file.
2021-07-10 19:02:47,608 - Downloading: [Liquid Drum&Bass] Tw3Lv3 ~ Collapse - Thumbnail.png
2021-07-10 19:02:47,770 - Merging audio and video files.
2021-07-10 19:02:50,225 - Adding thumbnail to video file.
2021-07-10 19:02:50,382 - Trying to apply metadata
2021-07-10 19:02:50,382 - Applying mp3 cover
2021-07-10 19:02:50,395 - Applied Metadata.
2021-07-10 19:02:50,399 - Video file does not exist.
2021-07-10 19:02:50,399 - Download for https://youtu.be/C8fT3IO21sE complete.

2021-07-10 19:02:50,400 - Writing to history...
2021-07-10 19:02:50,401 - Done.
2021-07-10 19:02:50,401 - Current: https://youtu.be/V9MAz1bu_HE 
2021-07-10 19:02:50,402 - youtube link
2021-07-10 19:02:50,402 - Scraping for id: V9MAz1bu_HE
2021-07-10 19:02:51,284 - Unable to use main Youtube Extractor, switching to Youtube-dl backend for https://youtu.be/V9MAz1bu_HE.
2021-07-10 19:03:13,760 - Done downloading video.
2021-07-10 19:03:16,330 - Done downloading audio.
2021-07-10 19:03:19,639 - Creating download information json.
2021-07-10 19:03:19,640 - Writing text file.
2021-07-10 19:03:19,640 - Downloading: [Psytrance] Tw3Lv3 ~ Luna Eclipsed - Thumbnail.png
2021-07-10 19:03:19,788 - Merging audio and video files.
2021-07-10 19:03:22,382 - Adding thumbnail to video file.
2021-07-10 19:03:22,538 - Trying to apply metadata
2021-07-10 19:03:22,538 - Applying mp3 cover
2021-07-10 19:03:22,552 - Applied Metadata.
2021-07-10 19:03:22,556 - Video file does not exist.
2021-07-10 19:03:22,557 - Download for https://youtu.be/V9MAz1bu_HE complete.

2021-07-10 19:03:22,558 - Writing to history...
2021-07-10 19:03:22,559 - Done.
2021-07-10 19:03:22,559 - Current: https://youtu.be/2-Ev0_Gf5LI 
2021-07-10 19:03:22,559 - youtube link
2021-07-10 19:03:22,560 - Scraping for id: 2-Ev0_Gf5LI
2021-07-10 19:03:23,281 - Unable to use main Youtube Extractor, switching to Youtube-dl backend for https://youtu.be/2-Ev0_Gf5LI.
2021-07-10 19:04:32,378 - Done downloading video.
2021-07-10 19:04:33,682 - Done downloading audio.
2021-07-10 19:04:36,067 - Creating download information json.
2021-07-10 19:04:36,068 - Writing text file.
2021-07-10 19:04:36,068 - Downloading: [LoFi] Tw3Lv3 ~ Amsterdam - Thumbnail.png
2021-07-10 19:04:36,273 - Merging audio and video files.
2021-07-10 19:04:38,162 - Adding thumbnail to video file.
2021-07-10 19:04:38,517 - Trying to apply metadata
2021-07-10 19:04:38,517 - Applying mp3 cover
2021-07-10 19:04:38,529 - Applied Metadata.
2021-07-10 19:04:38,551 - Video file does not exist.
2021-07-10 19:04:38,552 - Download for https://youtu.be/2-Ev0_Gf5LI complete.

2021-07-10 19:04:38,553 - Writing to history...
2021-07-10 19:04:38,553 - Done.
2021-07-10 19:04:38,553 - Current: https://youtu.be/vDxV3rurGF4 
2021-07-10 19:04:38,554 - youtube link
2021-07-10 19:04:38,554 - Scraping for id: vDxV3rurGF4
2021-07-10 19:04:39,467 - Unable to use main Youtube Extractor, switching to Youtube-dl backend for https://youtu.be/vDxV3rurGF4.
2021-07-10 19:06:55,589 - Done downloading video.
2021-07-10 19:07:37,636 - Done downloading audio.
2021-07-10 19:07:39,984 - Creating download information json.
2021-07-10 19:07:39,985 - Writing text file.
2021-07-10 19:07:39,985 - Downloading: [LoFi] Tw3Lv3 ~ Bruxelles.mp3 - Thumbnail.png
2021-07-10 19:07:40,212 - 'NoneType' object has no attribute 'add_tags'
Traceback (most recent call last):
  File "C:\Utilities\Scripts\url-dl-v2\dl_downloader.py", line 28, in applymetadata
    new = EasyID3(download_object["path"])
  File "C:\Users\sanpee\AppData\Local\Programs\Python\Python38-32\lib\site-packages\mutagen\easyid3.py", line 169, in __init__
    self.load(filename)
  File "C:\Users\sanpee\AppData\Local\Programs\Python\Python38-32\lib\site-packages\mutagen\_util.py", line 185, in wrapper
    return func(*args, **kwargs)
  File "C:\Users\sanpee\AppData\Local\Programs\Python\Python38-32\lib\site-packages\mutagen\_util.py", line 156, in wrapper
    return func(self, h, *args, **kwargs)
  File "C:\Users\sanpee\AppData\Local\Programs\Python\Python38-32\lib\site-packages\mutagen\id3\_file.py", line 152, in load
    self._header = ID3Header(fileobj)
  File "C:\Users\sanpee\AppData\Local\Programs\Python\Python38-32\lib\site-packages\mutagen\_util.py", line 185, in wrapper
    return func(*args, **kwargs)
  File "C:\Users\sanpee\AppData\Local\Programs\Python\Python38-32\lib\site-packages\mutagen\id3\_tags.py", line 67, in __init__
    raise ID3NoHeaderError("%r doesn't start with an ID3 tag" % fn)
mutagen.id3._util.ID3NoHeaderError: 'C:\\Utilities\\Scripts\\url-dl-v2 output\\youtube\\[LoFi] Tw3Lv3 ~ Bruxelles.mp3\\[LoFi] Tw3Lv3 ~ Bruxelles.mp3 - Thumbnail.png' doesn't start with an ID3 tag

During handling of the above exception, another exception occurred:

Traceback (most recent call last):
  File "C:\Utilities\Scripts\url-dl-v2\main.py", line 229, in parse_file
    Downloader = download.download(Downloader)
  File "C:\Utilities\Scripts\url-dl-v2\dl_downloader.py", line 213, in download
    file_download_handler(download_object, Downloader)
  File "C:\Utilities\Scripts\url-dl-v2\dl_downloader.py", line 169, in file_download_handler
    applymetadata(download_object)
  File "C:\Utilities\Scripts\url-dl-v2\dl_downloader.py", line 31, in applymetadata
    new.add_tags()
AttributeError: 'NoneType' object has no attribute 'add_tags'
2021-07-10 19:07:40,218 - Current: https://youtu.be/bQqaVr7mgHo 
2021-07-10 19:07:40,218 - youtube link
2021-07-10 19:07:40,218 - Scraping for id: bQqaVr7mgHo
2021-07-10 19:07:40,931 - Unable to use main Youtube Extractor, switching to Youtube-dl backend for https://youtu.be/bQqaVr7mgHo.
2021-07-10 19:09:06,386 - Done downloading video.
2021-07-10 19:09:08,129 - Done downloading audio.
2021-07-10 19:09:10,391 - Creating download information json.
2021-07-10 19:09:10,392 - Writing text file.
2021-07-10 19:09:10,392 - Downloading: [LoFi] Tw3Lv3 ~ Berlin.mp3 - Thumbnail.png
2021-07-10 19:09:10,525 - 'NoneType' object has no attribute 'add_tags'
Traceback (most recent call last):
  File "C:\Utilities\Scripts\url-dl-v2\dl_downloader.py", line 28, in applymetadata
    new = EasyID3(download_object["path"])
  File "C:\Users\sanpee\AppData\Local\Programs\Python\Python38-32\lib\site-packages\mutagen\easyid3.py", line 169, in __init__
    self.load(filename)
  File "C:\Users\sanpee\AppData\Local\Programs\Python\Python38-32\lib\site-packages\mutagen\_util.py", line 185, in wrapper
    return func(*args, **kwargs)
  File "C:\Users\sanpee\AppData\Local\Programs\Python\Python38-32\lib\site-packages\mutagen\_util.py", line 156, in wrapper
    return func(self, h, *args, **kwargs)
  File "C:\Users\sanpee\AppData\Local\Programs\Python\Python38-32\lib\site-packages\mutagen\id3\_file.py", line 152, in load
    self._header = ID3Header(fileobj)
  File "C:\Users\sanpee\AppData\Local\Programs\Python\Python38-32\lib\site-packages\mutagen\_util.py", line 185, in wrapper
    return func(*args, **kwargs)
  File "C:\Users\sanpee\AppData\Local\Programs\Python\Python38-32\lib\site-packages\mutagen\id3\_tags.py", line 67, in __init__
    raise ID3NoHeaderError("%r doesn't start with an ID3 tag" % fn)
mutagen.id3._util.ID3NoHeaderError: 'C:\\Utilities\\Scripts\\url-dl-v2 output\\youtube\\[LoFi] Tw3Lv3 ~ Berlin.mp3\\[LoFi] Tw3Lv3 ~ Berlin.mp3 - Thumbnail.png' doesn't start with an ID3 tag

During handling of the above exception, another exception occurred:

Traceback (most recent call last):
  File "C:\Utilities\Scripts\url-dl-v2\main.py", line 229, in parse_file
    Downloader = download.download(Downloader)
  File "C:\Utilities\Scripts\url-dl-v2\dl_downloader.py", line 213, in download
    file_download_handler(download_object, Downloader)
  File "C:\Utilities\Scripts\url-dl-v2\dl_downloader.py", line 169, in file_download_handler
    applymetadata(download_object)
  File "C:\Utilities\Scripts\url-dl-v2\dl_downloader.py", line 31, in applymetadata
    new.add_tags()
AttributeError: 'NoneType' object has no attribute 'add_tags'
2021-07-10 19:09:10,530 - Current: https://youtu.be/24mANg79U4w 
2021-07-10 19:09:10,530 - youtube link
2021-07-10 19:09:10,531 - Scraping for id: 24mANg79U4w
2021-07-10 19:09:11,342 - Unable to use main Youtube Extractor, switching to Youtube-dl backend for https://youtu.be/24mANg79U4w.
2021-07-10 19:12:16,847 - Done downloading video.
2021-07-10 19:12:19,235 - Done downloading audio.
2021-07-10 19:12:21,903 - Creating download information json.
2021-07-10 19:12:21,904 - Writing text file.
2021-07-10 19:12:21,904 - Downloading: [LoFi] Tw3Lv3 ~ Sevilla - Thumbnail.png
2021-07-10 19:12:22,080 - Merging audio and video files.
2021-07-10 19:12:24,219 - Adding thumbnail to video file.
2021-07-10 19:12:24,534 - Trying to apply metadata
2021-07-10 19:12:24,534 - Applying mp3 cover
2021-07-10 19:12:24,546 - Applied Metadata.
2021-07-10 19:12:24,571 - Video file does not exist.
2021-07-10 19:12:24,571 - Download for https://youtu.be/24mANg79U4w complete.

2021-07-10 19:12:24,572 - Writing to history...
2021-07-10 19:12:24,573 - Done.
2021-07-10 19:12:24,573 - Current: https://youtu.be/KsYkVQWC86U 
2021-07-10 19:12:24,573 - youtube link
2021-07-10 19:12:24,574 - Scraping for id: KsYkVQWC86U
2021-07-10 19:12:25,255 - Unable to use main Youtube Extractor, switching to Youtube-dl backend for https://youtu.be/KsYkVQWC86U.
2021-07-10 19:14:08,318 - Done downloading video.
2021-07-10 19:14:10,663 - Done downloading audio.
2021-07-10 19:14:12,153 - Creating download information json.
2021-07-10 19:14:12,154 - Writing text file.
2021-07-10 19:14:12,154 - Downloading: [LoFi] Tw3Lv3 ~ Dublin - Thumbnail.png
2021-07-10 19:14:12,348 - Merging audio and video files.
2021-07-10 19:14:13,626 - Adding thumbnail to video file.
2021-07-10 19:14:13,856 - Trying to apply metadata
2021-07-10 19:14:13,856 - Applying mp3 cover
2021-07-10 19:14:13,864 - Applied Metadata.
2021-07-10 19:14:13,878 - Video file does not exist.
2021-07-10 19:14:13,879 - Download for https://youtu.be/KsYkVQWC86U complete.

2021-07-10 19:14:13,880 - Writing to history...
2021-07-10 19:14:13,880 - Done.
2021-07-10 19:14:13,881 - Current: https://youtu.be/8qve10Qk4h4 
2021-07-10 19:14:13,881 - youtube link
2021-07-10 19:14:13,881 - Scraping for id: 8qve10Qk4h4
2021-07-10 19:14:14,613 - Unable to use main Youtube Extractor, switching to Youtube-dl backend for https://youtu.be/8qve10Qk4h4.
2021-07-10 19:16:07,648 - Done downloading video.
2021-07-10 19:16:09,974 - Done downloading audio.
2021-07-10 19:16:13,041 - Creating download information json.
2021-07-10 19:16:13,042 - Writing text file.
2021-07-10 19:16:13,042 - Downloading: [Dubstep] Tw3Lv3 & Lorris ~ Neurosis - Thumbnail.png
2021-07-10 19:16:13,153 - Merging audio and video files.
2021-07-10 19:16:15,646 - Adding thumbnail to video file.
2021-07-10 19:16:15,912 - Trying to apply metadata
2021-07-10 19:16:15,912 - Applying mp3 cover
2021-07-10 19:16:15,924 - Applied Metadata.
2021-07-10 19:16:15,936 - Video file does not exist.
2021-07-10 19:16:15,936 - Download for https://youtu.be/8qve10Qk4h4 complete.

2021-07-10 19:16:15,937 - Writing to history...
2021-07-10 19:16:15,938 - Done.
2021-07-10 19:16:15,939 - Current: https://youtu.be/D5GLLFyJ8bI 
2021-07-10 19:16:15,939 - youtube link
2021-07-10 19:16:15,939 - Scraping for id: D5GLLFyJ8bI
2021-07-10 19:16:16,640 - Unable to use main Youtube Extractor, switching to Youtube-dl backend for https://youtu.be/D5GLLFyJ8bI.
2021-07-10 19:17:48,691 - Done downloading video.
2021-07-10 19:18:23,913 - Done downloading audio.
2021-07-10 19:18:25,690 - Creating download information json.
2021-07-10 19:18:25,691 - Writing text file.
2021-07-10 19:18:25,691 - Downloading: [LoFi] Tw3Lv3 ~ London.mp3 - Thumbnail.png
2021-07-10 19:18:25,898 - 'NoneType' object has no attribute 'add_tags'
Traceback (most recent call last):
  File "C:\Utilities\Scripts\url-dl-v2\dl_downloader.py", line 28, in applymetadata
    new = EasyID3(download_object["path"])
  File "C:\Users\sanpee\AppData\Local\Programs\Python\Python38-32\lib\site-packages\mutagen\easyid3.py", line 169, in __init__
    self.load(filename)
  File "C:\Users\sanpee\AppData\Local\Programs\Python\Python38-32\lib\site-packages\mutagen\_util.py", line 185, in wrapper
    return func(*args, **kwargs)
  File "C:\Users\sanpee\AppData\Local\Programs\Python\Python38-32\lib\site-packages\mutagen\_util.py", line 156, in wrapper
    return func(self, h, *args, **kwargs)
  File "C:\Users\sanpee\AppData\Local\Programs\Python\Python38-32\lib\site-packages\mutagen\id3\_file.py", line 152, in load
    self._header = ID3Header(fileobj)
  File "C:\Users\sanpee\AppData\Local\Programs\Python\Python38-32\lib\site-packages\mutagen\_util.py", line 185, in wrapper
    return func(*args, **kwargs)
  File "C:\Users\sanpee\AppData\Local\Programs\Python\Python38-32\lib\site-packages\mutagen\id3\_tags.py", line 67, in __init__
    raise ID3NoHeaderError("%r doesn't start with an ID3 tag" % fn)
mutagen.id3._util.ID3NoHeaderError: 'C:\\Utilities\\Scripts\\url-dl-v2 output\\youtube\\[LoFi] Tw3Lv3 ~ London.mp3\\[LoFi] Tw3Lv3 ~ London.mp3 - Thumbnail.png' doesn't start with an ID3 tag

During handling of the above exception, another exception occurred:

Traceback (most recent call last):
  File "C:\Utilities\Scripts\url-dl-v2\main.py", line 229, in parse_file
    Downloader = download.download(Downloader)
  File "C:\Utilities\Scripts\url-dl-v2\dl_downloader.py", line 213, in download
    file_download_handler(download_object, Downloader)
  File "C:\Utilities\Scripts\url-dl-v2\dl_downloader.py", line 169, in file_download_handler
    applymetadata(download_object)
  File "C:\Utilities\Scripts\url-dl-v2\dl_downloader.py", line 31, in applymetadata
    new.add_tags()
AttributeError: 'NoneType' object has no attribute 'add_tags'
2021-07-10 19:18:25,906 - Current: https://youtu.be/VhFQX_TQEoU 
2021-07-10 19:18:25,906 - youtube link
2021-07-10 19:18:25,907 - Scraping for id: VhFQX_TQEoU
2021-07-10 19:18:26,829 - Unable to use main Youtube Extractor, switching to Youtube-dl backend for https://youtu.be/VhFQX_TQEoU.
2021-07-10 19:18:41,940 - Done downloading video.
2021-07-10 19:18:44,000 - Done downloading audio.
2021-07-10 19:18:46,134 - Creating download information json.
2021-07-10 19:18:46,135 - Writing text file.
2021-07-10 19:18:46,135 - Downloading: [Drum&Bass] Tw3Lv3 ~ The Magic Inside (Tw3Lv3 Remix) - Thumbnail.png
2021-07-10 19:18:46,269 - Merging audio and video files.
2021-07-10 19:18:47,951 - Adding thumbnail to video file.
2021-07-10 19:18:48,082 - Trying to apply metadata
2021-07-10 19:18:48,082 - Applying mp3 cover
2021-07-10 19:18:48,092 - Applied Metadata.
2021-07-10 19:18:48,095 - Video file does not exist.
2021-07-10 19:18:48,095 - Download for https://youtu.be/VhFQX_TQEoU complete.

2021-07-10 19:18:48,096 - Writing to history...
2021-07-10 19:18:48,097 - Done.
2021-07-10 19:18:48,097 - Current: https://youtu.be/2m2GM-IsXKY 
2021-07-10 19:18:48,097 - youtube link
2021-07-10 19:18:48,098 - Scraping for id: 2m2GM-IsXKY
2021-07-10 19:18:48,690 - Unable to use main Youtube Extractor, switching to Youtube-dl backend for https://youtu.be/2m2GM-IsXKY.
2021-07-10 19:24:09,849 - Done downloading video.
2021-07-10 19:24:11,638 - Done downloading audio.
2021-07-10 19:24:13,614 - Creating download information json.
2021-07-10 19:24:13,615 - Writing text file.
2021-07-10 19:24:13,616 - Downloading: [Drum&Bass] Tw3Lv3 ~ Hearts As Strong As Horses (Remix) - Thumbnail.png
2021-07-10 19:24:13,748 - Merging audio and video files.
2021-07-10 19:24:15,500 - Adding thumbnail to video file.
2021-07-10 19:24:15,632 - Trying to apply metadata
2021-07-10 19:24:15,632 - Applying mp3 cover
2021-07-10 19:24:15,643 - Applied Metadata.
2021-07-10 19:24:15,645 - Video file does not exist.
2021-07-10 19:24:15,645 - Download for https://youtu.be/2m2GM-IsXKY complete.

2021-07-10 19:24:15,646 - Writing to history...
2021-07-10 19:24:15,647 - Done.
2021-07-10 19:24:15,647 - Current: https://youtu.be/k1z22ZceTaA 
2021-07-10 19:24:15,648 - youtube link
2021-07-10 19:24:15,648 - Scraping for id: k1z22ZceTaA
2021-07-10 19:24:16,622 - Unable to use main Youtube Extractor, switching to Youtube-dl backend for https://youtu.be/k1z22ZceTaA.
2021-07-10 19:24:31,792 - Done downloading video.
2021-07-10 19:24:34,441 - Done downloading audio.
2021-07-10 19:24:37,646 - Creating download information json.
2021-07-10 19:24:37,646 - Writing text file.
2021-07-10 19:24:37,647 - Downloading: [LoFi] Tw3Lv3 ~ Cloudless Sky (ft. Retronax) - Thumbnail.png
2021-07-10 19:24:37,772 - Merging audio and video files.
2021-07-10 19:24:40,367 - Adding thumbnail to video file.
2021-07-10 19:24:40,511 - Trying to apply metadata
2021-07-10 19:24:40,511 - Applying mp3 cover
2021-07-10 19:24:40,524 - Applied Metadata.
2021-07-10 19:24:40,527 - Video file does not exist.
2021-07-10 19:24:40,527 - Download for https://youtu.be/k1z22ZceTaA complete.

2021-07-10 19:24:40,528 - Writing to history...
2021-07-10 19:24:40,529 - Done.
2021-07-10 19:24:40,529 - Current: https://youtu.be/x_QEENab94U 
2021-07-10 19:24:40,529 - youtube link
2021-07-10 19:24:40,530 - Scraping for id: x_QEENab94U
2021-07-10 19:24:41,219 - Unable to use main Youtube Extractor, switching to Youtube-dl backend for https://youtu.be/x_QEENab94U.
2021-07-10 19:24:42,873 - Done downloading video.
2021-07-10 19:24:44,958 - Done downloading audio.
2021-07-10 19:24:47,004 - Creating download information json.
2021-07-10 19:24:47,005 - Writing text file.
2021-07-10 19:24:47,005 - Downloading: [Psytrance _ Trap] Tw3Lv3 ~ What do you want  (Ft. Astral) - Thumbnail.png
2021-07-10 19:24:47,121 - Merging audio and video files.
2021-07-10 19:24:48,706 - Adding thumbnail to video file.
2021-07-10 19:24:48,816 - Trying to apply metadata
2021-07-10 19:24:48,817 - Applying mp3 cover
2021-07-10 19:24:48,829 - Applied Metadata.
2021-07-10 19:24:48,830 - Video file does not exist.
2021-07-10 19:24:48,830 - Download for https://youtu.be/x_QEENab94U complete.

2021-07-10 19:24:48,831 - Writing to history...
2021-07-10 19:24:48,832 - Done.
2021-07-10 19:24:48,832 - Current: https://youtu.be/BeUPSJIqcXo 
2021-07-10 19:24:48,833 - youtube link
2021-07-10 19:24:48,834 - Scraping for id: BeUPSJIqcXo
2021-07-10 19:24:49,543 - Unable to use main Youtube Extractor, switching to Youtube-dl backend for https://youtu.be/BeUPSJIqcXo.
2021-07-10 19:25:06,465 - Done downloading video.
2021-07-10 19:25:08,738 - Done downloading audio.
2021-07-10 19:25:11,140 - Creating download information json.
2021-07-10 19:25:11,140 - Writing text file.
2021-07-10 19:25:11,141 - Downloading: [Trap _ Hip-Hop] Tw3Lv3 -  - Thumbnail.png
2021-07-10 19:25:11,253 - Merging audio and video files.
2021-07-10 19:25:13,142 - Adding thumbnail to video file.
2021-07-10 19:25:13,282 - Trying to apply metadata
2021-07-10 19:25:13,282 - Applying mp3 cover
2021-07-10 19:25:13,294 - Applied Metadata.
2021-07-10 19:25:13,297 - Video file does not exist.
2021-07-10 19:25:13,297 - Download for https://youtu.be/BeUPSJIqcXo complete.

2021-07-10 19:25:13,298 - Writing to history...
2021-07-10 19:25:13,299 - Done.
2021-07-10 19:25:13,299 - Current: https://youtu.be/tSOLRTWYIuw 
2021-07-10 19:25:13,299 - youtube link
2021-07-10 19:25:13,300 - Scraping for id: tSOLRTWYIuw
2021-07-10 19:25:14,217 - Unable to use main Youtube Extractor, switching to Youtube-dl backend for https://youtu.be/tSOLRTWYIuw.
2021-07-10 19:25:59,012 - Done downloading video.
2021-07-10 19:26:01,608 - Done downloading audio.
2021-07-10 19:26:04,365 - Creating download information json.
2021-07-10 19:26:04,366 - Writing text file.
2021-07-10 19:26:04,366 - Downloading: [Trap _ Hip-Hop] Tw3Lv3 -  - Thumbnail.png
2021-07-10 19:26:04,475 - Merging audio and video files.
2021-07-10 19:26:06,585 - Adding thumbnail to video file.
2021-07-10 19:26:06,708 - Trying to apply metadata
2021-07-10 19:26:06,709 - Applying mp3 cover
2021-07-10 19:26:06,719 - Applied Metadata.
2021-07-10 19:26:06,721 - Video file does not exist.
2021-07-10 19:26:06,721 - Download for https://youtu.be/tSOLRTWYIuw complete.

2021-07-10 19:26:06,722 - Writing to history...
2021-07-10 19:26:06,724 - Done.
2021-07-10 19:26:06,724 - Current: https://youtu.be/iDVtr9MB9y8 
2021-07-10 19:26:06,724 - youtube link
2021-07-10 19:26:06,725 - Scraping for id: iDVtr9MB9y8
2021-07-10 19:26:07,278 - Unable to use main Youtube Extractor, switching to Youtube-dl backend for https://youtu.be/iDVtr9MB9y8.
2021-07-10 19:26:43,619 - Done downloading video.
2021-07-10 19:27:17,921 - Done downloading audio.
2021-07-10 19:27:19,714 - Creating download information json.
2021-07-10 19:27:19,715 - Writing text file.
2021-07-10 19:27:19,715 - Downloading: [LoFi] Tw3Lv3 - Ls - Thumbnail.png
2021-07-10 19:27:19,885 - Merging audio and video files.
2021-07-10 19:27:21,248 - Adding thumbnail to video file.
2021-07-10 19:27:21,350 - Trying to apply metadata
2021-07-10 19:27:21,351 - Applying mp3 cover
2021-07-10 19:27:21,360 - Applied Metadata.
2021-07-10 19:27:21,361 - Video file does not exist.
2021-07-10 19:27:21,361 - Download for https://youtu.be/iDVtr9MB9y8 complete.

2021-07-10 19:27:21,362 - Writing to history...
2021-07-10 19:27:21,363 - Done.
2021-07-10 19:27:21,363 - Current: https://youtu.be/M51I115XMAQ 
2021-07-10 19:27:21,363 - youtube link
2021-07-10 19:27:21,364 - Scraping for id: M51I115XMAQ
2021-07-10 19:27:21,942 - Unable to use main Youtube Extractor, switching to Youtube-dl backend for https://youtu.be/M51I115XMAQ.
2021-07-10 19:27:29,385 - Done downloading video.
2021-07-10 19:27:31,432 - Done downloading audio.
2021-07-10 19:27:34,393 - Creating download information json.
2021-07-10 19:27:34,394 - Writing text file.
2021-07-10 19:27:34,394 - Downloading: [Trap] Tw3Lv3 - Lvndr wn (Remix) - Thumbnail.png
2021-07-10 19:27:34,503 - Merging audio and video files.
2021-07-10 19:27:36,801 - Adding thumbnail to video file.
2021-07-10 19:27:36,923 - Trying to apply metadata
2021-07-10 19:27:36,924 - Applying mp3 cover
2021-07-10 19:27:36,935 - Applied Metadata.
2021-07-10 19:27:36,937 - Video file does not exist.
2021-07-10 19:27:36,937 - Download for https://youtu.be/M51I115XMAQ complete.

2021-07-10 19:27:36,938 - Writing to history...
2021-07-10 19:27:36,939 - Done.
2021-07-10 19:27:36,939 - Current: https://youtu.be/Qf7hnjzoK90 
2021-07-10 19:27:36,940 - youtube link
2021-07-10 19:27:36,940 - Scraping for id: Qf7hnjzoK90
2021-07-10 19:27:37,675 - Unable to use main Youtube Extractor, switching to Youtube-dl backend for https://youtu.be/Qf7hnjzoK90.
2021-07-10 19:27:46,013 - Done downloading video.
2021-07-10 19:27:48,124 - Done downloading audio.
2021-07-10 19:27:50,506 - Creating download information json.
2021-07-10 19:27:50,507 - Writing text file.
2021-07-10 19:27:50,507 - Downloading: [LoFi] Tw3Lv3 - Disrin f Rliy - Thumbnail.png
2021-07-10 19:27:50,639 - Merging audio and video files.
2021-07-10 19:27:52,479 - Adding thumbnail to video file.
2021-07-10 19:27:52,597 - Trying to apply metadata
2021-07-10 19:27:52,597 - Applying mp3 cover
2021-07-10 19:27:52,608 - Applied Metadata.
2021-07-10 19:27:52,609 - Video file does not exist.
2021-07-10 19:27:52,610 - Download for https://youtu.be/Qf7hnjzoK90 complete.

2021-07-10 19:27:52,610 - Writing to history...
2021-07-10 19:27:52,611 - Done.
2021-07-10 20:42:27,831 - Command: close
2021-07-10 20:42:27,831 - 
Log Ended.
Total time: 1 hrs 50 min 31.28 sec

