2021-04-11 22:29:36,875 - 
Downloading Utility Log. 
Log started.

Move log to Impt Logs if required as only the 10 most recent logs are kept.

2021-04-11 22:29:42,661 - Command: dl -youtube https://www.youtube.com/watch?v=UoXSuz0kWrA&list=PLRppsgU9yhA26bvchKYiaZ4NW1B-1snSk&index=3
2021-04-11 22:29:42,661 - youtube link
2021-04-11 22:29:43,283 - Scraping for id: UoXSuz0kWrA
2021-04-11 22:29:45,094 - name 'data' is not defined
Traceback (most recent call last):
  File "C:\Utilities\Scripts\url-dl-v2\extractors\youtube.py", line 347, in youtube_extractor
    sub_object["video_info"], sub_object["streams"] = extract_video_info(sub_object["id"])
  File "C:\Utilities\Scripts\url-dl-v2\extractors\youtube.py", line 485, in extract_video_info
    if requests.post(music_url, data).response_code == 200:
NameError: name 'data' is not defined

During handling of the above exception, another exception occurred:

Traceback (most recent call last):
  File "C:\Utilities\Scripts\url-dl-v2\extractors\youtube.py", line 351, in youtube_extractor
    sub_object["video_info"], sub_object["streams"] = extract_video_info(sub_object["id"])
  File "C:\Utilities\Scripts\url-dl-v2\extractors\youtube.py", line 485, in extract_video_info
    if requests.post(music_url, data).response_code == 200:
NameError: name 'data' is not defined

During handling of the above exception, another exception occurred:

Traceback (most recent call last):
  File "C:\Utilities\Scripts\url-dl-v2\main.py", line 241, in <module>
    parse_input()
  File "C:\Utilities\Scripts\url-dl-v2\main.py", line 123, in parse_input
    Downloader = youtube_extractor(Downloader) #Downloader_2 because Downloader causes errors.
  File "C:\Utilities\Scripts\url-dl-v2\extractors\youtube.py", line 353, in youtube_extractor
    sub_object["video_info"], sub_object["streams"] = extract_video_info(sub_object["id"])
  File "C:\Utilities\Scripts\url-dl-v2\extractors\youtube.py", line 485, in extract_video_info
    if requests.post(music_url, data).response_code == 200:
NameError: name 'data' is not defined
2021-04-11 22:29:45,099 - 
Log Ended.
Total time: 0 hrs 0 min 8.23 sec

