2021-03-28 12:14:55,124 - 
Downloading Utility Log. 
Log started.

Move log to Impt Logs if required as only the 10 most recent logs are kept.

2021-03-28 12:14:56,966 - Command: run
2021-03-28 12:14:56,967 - Current: https://www.youtube.com/channel/UCPxHg4192hLDpTI2w7F9rPg 
2021-03-28 12:14:56,967 - youtube link
2021-03-28 12:14:57,617 - file_cache is only supported with oauth2client<4.0.0
2021-03-28 12:14:57,675 - {
    "favorites": "",
    "likes": "",
    "uploads": "UUPxHg4192hLDpTI2w7F9rPg"
}
2021-03-28 12:14:57,675 - Upload Playlist: UUPxHg4192hLDpTI2w7F9rPg
2021-03-28 12:14:57,735 - Now downloading channel: Well There's Your Problem Podcast
Video Count: 68
2021-03-28 12:14:57,736 - Channel has 68 videos downloaded.
2021-03-28 12:14:57,736 - Scraping for id: -_XFArcUtrA
2021-03-28 12:14:58,042 - Scraping for id: RaIl_146p-Q
2021-03-28 12:14:58,367 - Scraping for id: ARqmJyMOZtA
2021-03-28 12:14:58,700 - Scraping for id: vMLvzSH1Jok
2021-03-28 12:14:59,006 - Scraping for id: O4vHgFY7TSA
2021-03-28 12:14:59,410 - Scraping for id: 9o19EaposFE
2021-03-28 12:14:59,731 - Scraping for id: 39-S9-ZXzqA
2021-03-28 12:15:00,068 - Scraping for id: PW6lg-7L7yk
2021-03-28 12:15:00,377 - Scraping for id: ACk0Jl4ORk8
2021-03-28 12:15:00,691 - Scraping for id: c75SYmKBTS0
2021-03-28 12:15:01,035 - Scraping for id: jBEEUPjqu-s
2021-03-28 12:15:01,334 - Scraping for id: pOJUJKCpG2k
2021-03-28 12:15:01,669 - Scraping for id: FlmuM1h13rs
2021-03-28 12:15:02,050 - Scraping for id: J7lxO7vlbmA
2021-03-28 12:15:02,303 - Scraping for id: chlF5oubFHU
2021-03-28 12:15:02,685 - Scraping for id: azThd0R7Bt0
2021-03-28 12:15:02,971 - Scraping for id: KzUfAnhRjmw
2021-03-28 12:15:03,315 - Scraping for id: gkx-OF5XkMk
2021-03-28 12:15:03,593 - Scraping for id: xVodkE47aLw
2021-03-28 12:15:03,937 - Scraping for id: VbfSlTIfMig
2021-03-28 12:15:04,517 - Scraping for id: fwOOalYd5TQ
2021-03-28 12:15:04,904 - Scraping for id: tC6vqGVB6Fk
2021-03-28 12:15:05,218 - Scraping for id: _AHRJi7-1GQ
2021-03-28 12:15:05,565 - Scraping for id: sWvagC5ccyY
2021-03-28 12:15:05,904 - Scraping for id: YVaMNHQQCs0
2021-03-28 12:15:06,240 - Scraping for id: f7Qop_64qqk
2021-03-28 12:15:06,544 - Scraping for id: F1y-2CUetwM
2021-03-28 12:15:06,914 - Scraping for id: 7ejyhTkMd6U
2021-03-28 12:15:07,257 - Scraping for id: iz1sMv5C60Q
2021-03-28 12:15:07,737 - Scraping for id: 2bvltmNno_A
2021-03-28 12:15:08,320 - Scraping for id: B4nYxtLsTj0
2021-03-28 12:15:08,726 - Scraping for id: i5OkTfOLqx8
2021-03-28 12:15:09,075 - Scraping for id: QjEI3Ko-kp8
2021-03-28 12:15:09,675 - Scraping for id: xHqzUTTZWyI
2021-03-28 12:15:10,254 - Scraping for id: lonzTuWd3Xk
2021-03-28 12:15:10,819 - Scraping for id: b_WhhRshZCg
2021-03-28 12:15:11,174 - Scraping for id: hGgu07xhdHQ
2021-03-28 12:15:11,526 - Scraping for id: V0Si76AlRU4
2021-03-28 12:15:11,831 - Scraping for id: qW48CIGuvZE
2021-03-28 12:15:12,212 - Scraping for id: M9z87U9yn0Y
2021-03-28 12:15:12,561 - Scraping for id: 34rdxDgpaaA
2021-03-28 12:15:12,932 - Scraping for id: o1HT8Gaykjo
2021-03-28 12:15:13,258 - Scraping for id: EEKzJ7h54Uc
2021-03-28 12:15:13,760 - Scraping for id: vCKVreNqMjI
2021-03-28 12:15:14,189 - Scraping for id: g_vUw_AnCe4
2021-03-28 12:15:14,524 - Scraping for id: ciF1p_GMrmw
2021-03-28 12:15:14,882 - Scraping for id: QueMqRjW5Eo
2021-03-28 12:15:15,225 - Scraping for id: vxv04lgJYVs
2021-03-28 12:15:15,574 - Scraping for id: 38-MKEap0AQ
2021-03-28 12:15:15,899 - Scraping for id: 2yXmFVTeprU
2021-03-28 12:15:16,236 - Scraping for id: oifinZTKxKo
2021-03-28 12:15:16,814 - Scraping for id: dgKU0zu6KB8
2021-03-28 12:15:17,201 - Scraping for id: s6jDfXVpZ2o
2021-03-28 12:15:17,750 - Scraping for id: AxA1vb6P2lU
2021-03-28 12:15:18,090 - Scraping for id: JaRVy31lTlQ
2021-03-28 12:15:18,448 - Scraping for id: MjSyYRyokPo
2021-03-28 12:15:18,836 - Scraping for id: G77GkxZrxIs
2021-03-28 12:15:19,179 - Scraping for id: SjOduiPSF1Q
2021-03-28 12:15:19,494 - Scraping for id: q3bVHov-D-A
2021-03-28 12:15:20,059 - Scraping for id: yvM6vaZKKm4
2021-03-28 12:15:20,638 - Scraping for id: j2BjTfwhbh8
2021-03-28 12:15:21,003 - Scraping for id: 5Dq7BFmUWIk
2021-03-28 12:15:21,376 - Scraping for id: lMcriPJKPdI
2021-03-28 12:15:21,830 - Scraping for id: epkCrB8aKXA
2021-03-28 12:15:22,437 - Scraping for id: Sm5p2K9eW9o
2021-03-28 12:15:22,887 - Scraping for id: lJU-Q9gw_sg
2021-03-28 12:15:23,314 - Scraping for id: UdtQi6TEcjs
2021-03-28 12:15:23,654 - Scraping for id: 3eMfv1i3eFk
2021-03-28 12:15:24,014 - ! Video (https://youtu.be/-_XFArcUtrA|Well There's Your Problem   Episode 60 Andrew Cuomo) usual forced error.
2021-03-28 12:15:24,014 - Unable to use main Youtube Extractor, switching to Youtube-dl backend.
2021-03-28 12:15:28,319 - Done downloading audio.
2021-03-28 12:16:18,398 - Done downloading audio.
2021-03-28 12:16:18,398 - ! Video (https://youtu.be/RaIl_146p-Q|Well There's Your Problem   BONUS EPISODE 13 PREVIEW The Bradley Fighting Vehicle) usual forced error.
2021-03-28 12:16:18,399 - Unable to use main Youtube Extractor, switching to Youtube-dl backend.
2021-03-28 12:16:19,278 - Done downloading audio.
2021-03-28 12:16:19,407 - ERROR: file:C:\Utilities\Scripts\url-dl-v2 output\youtube\channels\Well There's Your Problem Podcast\Well There's Your Problem   BONUS EPISODE 13 PREVIEW The Bradley Fighting Vehicle\Well There's Your Problem _ BONUS EPISODE 13 PREVIEW - The Bradley Fighting Vehicle.temp.m4a: No such file or directory
Traceback (most recent call last):
  File "C:\Users\sanpee\AppData\Local\Programs\Python\Python38-32\lib\site-packages\youtube_dl\YoutubeDL.py", line 2106, in post_process
    files_to_delete, info = pp.run(info)
  File "C:\Users\sanpee\AppData\Local\Programs\Python\Python38-32\lib\site-packages\youtube_dl\postprocessor\ffmpeg.py", line 574, in run
    self.run_ffmpeg(filename, temp_filename, options)
  File "C:\Users\sanpee\AppData\Local\Programs\Python\Python38-32\lib\site-packages\youtube_dl\postprocessor\ffmpeg.py", line 239, in run_ffmpeg
    self.run_ffmpeg_multiple_files([path], out_path, opts)
  File "C:\Users\sanpee\AppData\Local\Programs\Python\Python38-32\lib\site-packages\youtube_dl\postprocessor\ffmpeg.py", line 235, in run_ffmpeg_multiple_files
    raise FFmpegPostProcessorError(msg)
youtube_dl.postprocessor.ffmpeg.FFmpegPostProcessorError: file:C:\Utilities\Scripts\url-dl-v2 output\youtube\channels\Well There's Your Problem Podcast\Well There's Your Problem   BONUS EPISODE 13 PREVIEW The Bradley Fighting Vehicle\Well There's Your Problem _ BONUS EPISODE 13 PREVIEW - The Bradley Fighting Vehicle.temp.m4a: No such file or directory

During handling of the above exception, another exception occurred:

Traceback (most recent call last):
  File "C:\Utilities\Scripts\url-dl-v2\extractors\youtube.py", line 611, in download_handler
    youtube_dl_backup(video_info["url"],root_download_dir)
  File "C:\Utilities\Scripts\url-dl-v2\extractors\youtube.py", line 97, in youtube_dl_backup
    ydl.download([url])
  File "C:\Users\sanpee\AppData\Local\Programs\Python\Python38-32\lib\site-packages\youtube_dl\YoutubeDL.py", line 2059, in download
    res = self.extract_info(
  File "C:\Users\sanpee\AppData\Local\Programs\Python\Python38-32\lib\site-packages\youtube_dl\YoutubeDL.py", line 799, in extract_info
    return self.__extract_info(url, ie, download, extra_info, process)
  File "C:\Users\sanpee\AppData\Local\Programs\Python\Python38-32\lib\site-packages\youtube_dl\YoutubeDL.py", line 806, in wrapper
    return func(self, *args, **kwargs)
  File "C:\Users\sanpee\AppData\Local\Programs\Python\Python38-32\lib\site-packages\youtube_dl\YoutubeDL.py", line 838, in __extract_info
    return self.process_ie_result(ie_result, download, extra_info)
  File "C:\Users\sanpee\AppData\Local\Programs\Python\Python38-32\lib\site-packages\youtube_dl\YoutubeDL.py", line 872, in process_ie_result
    return self.process_video_result(ie_result, download=download)
  File "C:\Users\sanpee\AppData\Local\Programs\Python\Python38-32\lib\site-packages\youtube_dl\YoutubeDL.py", line 1683, in process_video_result
    self.process_info(new_info)
  File "C:\Users\sanpee\AppData\Local\Programs\Python\Python38-32\lib\site-packages\youtube_dl\YoutubeDL.py", line 2041, in process_info
    self.post_process(filename, info_dict)
  File "C:\Users\sanpee\AppData\Local\Programs\Python\Python38-32\lib\site-packages\youtube_dl\YoutubeDL.py", line 2108, in post_process
    self.report_error(e.msg)
  File "C:\Users\sanpee\AppData\Local\Programs\Python\Python38-32\lib\site-packages\youtube_dl\YoutubeDL.py", line 628, in report_error
    self.trouble(error_message, tb)
  File "C:\Users\sanpee\AppData\Local\Programs\Python\Python38-32\lib\site-packages\youtube_dl\YoutubeDL.py", line 598, in trouble
    raise DownloadError(message, exc_info)
youtube_dl.utils.DownloadError: ERROR: file:C:\Utilities\Scripts\url-dl-v2 output\youtube\channels\Well There's Your Problem Podcast\Well There's Your Problem   BONUS EPISODE 13 PREVIEW The Bradley Fighting Vehicle\Well There's Your Problem _ BONUS EPISODE 13 PREVIEW - The Bradley Fighting Vehicle.temp.m4a: No such file or directory
2021-03-28 12:16:19,411 - ! Video (https://youtu.be/ARqmJyMOZtA|Well There's Your Problem   Episode 59 Eschede Derailment) usual forced error.
2021-03-28 12:16:19,411 - Unable to use main Youtube Extractor, switching to Youtube-dl backend.
2021-03-28 12:16:24,976 - Done downloading audio.
2021-03-28 12:17:26,681 - Done downloading audio.
2021-03-28 12:17:26,681 - ! Video (https://youtu.be/vMLvzSH1Jok|Well There's Your Problem   Episode 58 The Station Nightclub Fire) usual forced error.
2021-03-28 12:17:26,682 - Unable to use main Youtube Extractor, switching to Youtube-dl backend.
2021-03-28 12:17:29,974 - Done downloading audio.
2021-03-28 12:18:29,572 - Done downloading audio.
2021-03-28 12:18:29,573 - ! Video (https://youtu.be/O4vHgFY7TSA|Well There's Your Problem   Episode 57 It Snowed in Texas) usual forced error.
2021-03-28 12:18:29,573 - Unable to use main Youtube Extractor, switching to Youtube-dl backend.
2021-03-28 12:18:34,873 - Done downloading audio.
2021-03-28 12:20:06,296 - Done downloading audio.
2021-03-28 12:20:06,297 - ! Video (https://youtu.be/9o19EaposFE|Well There's Your Problem   Episode 56 The Vulcan Bridge) usual forced error.
2021-03-28 12:20:06,297 - Unable to use main Youtube Extractor, switching to Youtube-dl backend.
2021-03-28 12:20:12,563 - Done downloading audio.
2021-03-28 12:21:23,074 - Done downloading audio.
2021-03-28 12:21:23,075 - ! Video (https://youtu.be/39-S9-ZXzqA|Well There's Your Problem   Episode 55 Kursk Disaster) usual forced error.
2021-03-28 12:21:23,075 - Unable to use main Youtube Extractor, switching to Youtube-dl backend.
2021-03-28 12:21:27,691 - Done downloading audio.
2021-03-28 12:22:17,271 - Done downloading audio.
2021-03-28 12:22:17,272 - ! Video (https://youtu.be/PW6lg-7L7yk|Well There's Your Problem   Episode 54 Gulf State Vanity Projects) usual forced error.
2021-03-28 12:22:17,272 - Unable to use main Youtube Extractor, switching to Youtube-dl backend.
2021-03-28 12:22:33,731 - Done downloading audio.
2021-03-28 12:24:38,789 - Done downloading audio.
2021-03-28 12:24:38,789 - ! Video (https://youtu.be/ACk0Jl4ORk8|Well There's Your Problem   BONUS EPISODE 12 PREVIEW The Philadelphia Eagles) usual forced error.
2021-03-28 12:24:38,790 - Unable to use main Youtube Extractor, switching to Youtube-dl backend.
2021-03-28 12:24:40,612 - Done downloading audio.
2021-03-28 12:24:52,799 - Done downloading audio.
2021-03-28 12:24:52,799 - ! Video (https://youtu.be/c75SYmKBTS0|Well There's Your Problem   Episode 53 New London, Texas School Explosion) usual forced error.
2021-03-28 12:24:52,799 - Unable to use main Youtube Extractor, switching to Youtube-dl backend.
2021-03-28 12:24:57,936 - Done downloading audio.
2021-03-28 12:25:45,267 - Done downloading audio.
2021-03-28 12:25:45,268 - ! Video (https://youtu.be/jBEEUPjqu-s|Well There's Your Problem   Episode 52 1996 Channel Tunnel Fire) usual forced error.
2021-03-28 12:25:45,268 - Unable to use main Youtube Extractor, switching to Youtube-dl backend.
2021-03-28 12:25:56,521 - Done downloading audio.
2021-03-28 12:28:36,690 - Done downloading audio.
2021-03-28 12:28:36,690 - ! Video (https://youtu.be/pOJUJKCpG2k|Well There's Your Problem   Episode 51 One Meridian Plaza Fire) usual forced error.
2021-03-28 12:28:36,690 - Unable to use main Youtube Extractor, switching to Youtube-dl backend.
2021-03-28 12:29:08,488 - Done downloading audio.
2021-03-28 12:30:33,047 - Done downloading audio.
2021-03-28 12:30:33,048 - ! Video (https://youtu.be/FlmuM1h13rs|Well There's Your Problem   BONUS EPISODE 11 PREVIEW The Steam Locomotive) usual forced error.
2021-03-28 12:30:33,048 - Unable to use main Youtube Extractor, switching to Youtube-dl backend.
2021-03-28 12:30:38,781 - Done downloading audio.
2021-03-28 12:31:03,748 - Done downloading audio.
2021-03-28 12:31:03,748 - ! Video (https://youtu.be/J7lxO7vlbmA|Well There's Your Problem   Episode 50 Qs and As) usual forced error.
2021-03-28 12:31:03,749 - Unable to use main Youtube Extractor, switching to Youtube-dl backend.
2021-03-28 12:31:18,578 - Done downloading audio.
2021-03-28 12:32:57,447 - Done downloading audio.
2021-03-28 12:32:57,448 - ! Video (https://youtu.be/chlF5oubFHU|Well There's Your Problem   Episode 49 hindenburg) usual forced error.
2021-03-28 12:32:57,448 - Unable to use main Youtube Extractor, switching to Youtube-dl backend.
2021-03-28 12:33:30,409 - Done downloading audio.
2021-03-28 12:35:14,175 - Done downloading audio.
2021-03-28 12:35:14,176 - ! Video (https://youtu.be/azThd0R7Bt0|Well There's Your Problem   Episode 48 Byford Dolphin) usual forced error.
2021-03-28 12:35:14,176 - Unable to use main Youtube Extractor, switching to Youtube-dl backend.
2021-03-28 12:35:26,623 - Done downloading audio.
2021-03-28 12:36:07,260 - Done downloading audio.
2021-03-28 12:36:07,261 - ! Video (https://youtu.be/KzUfAnhRjmw|Well There's Your Problem   Episode 47 Ashtabula Horror) usual forced error.
2021-03-28 12:36:07,261 - Unable to use main Youtube Extractor, switching to Youtube-dl backend.
2021-03-28 12:36:27,745 - Done downloading audio.
2021-03-28 12:37:52,445 - Done downloading audio.
2021-03-28 12:37:52,445 - ! Video (https://youtu.be/gkx-OF5XkMk|Well There's Your Problem   BONUS EPISODE 10 PREVIEW Group B Rallye) usual forced error.
2021-03-28 12:37:52,446 - Unable to use main Youtube Extractor, switching to Youtube-dl backend.
2021-03-28 12:37:56,471 - Done downloading audio.
2021-03-28 12:38:12,424 - Done downloading audio.
2021-03-28 12:38:12,425 - ! Video (https://youtu.be/xVodkE47aLw|Well There's Your Problem   Episode 46  Five-over-Ones) usual forced error.
2021-03-28 12:38:12,425 - Unable to use main Youtube Extractor, switching to Youtube-dl backend.
2021-03-28 12:38:18,286 - Done downloading audio.
2021-03-28 12:39:43,799 - Done downloading audio.
2021-03-28 12:39:43,800 - ! Video (https://youtu.be/VbfSlTIfMig|Well There's Your Problem   Episode 45 1955 Le Mans Disaster) usual forced error.
2021-03-28 12:39:43,800 - Unable to use main Youtube Extractor, switching to Youtube-dl backend.
2021-03-28 12:40:00,412 - Done downloading audio.
2021-03-28 12:40:45,984 - Done downloading audio.
2021-03-28 12:40:45,985 - ! Video (https://youtu.be/fwOOalYd5TQ|Elevator Video Number 1) usual forced error.
2021-03-28 12:40:45,985 - Unable to use main Youtube Extractor, switching to Youtube-dl backend.
2021-03-28 12:40:46,532 - Done downloading audio.
2021-03-28 12:41:01,204 - Done downloading audio.
2021-03-28 12:41:01,204 - ! Video (https://youtu.be/tC6vqGVB6Fk|Well There's Your Problem   BONUS EPISODE 9 PREVIEW The Process) usual forced error.
2021-03-28 12:41:01,205 - Unable to use main Youtube Extractor, switching to Youtube-dl backend.
2021-03-28 12:41:03,996 - Done downloading audio.
2021-03-28 12:41:14,528 - Done downloading audio.
2021-03-28 12:41:14,529 - ! Video (https://youtu.be/_AHRJi7-1GQ|Well Scares Your Problem   Episode 44 Ghost Ships) usual forced error.
2021-03-28 12:41:14,529 - Unable to use main Youtube Extractor, switching to Youtube-dl backend.
2021-03-28 12:41:53,647 - Done downloading audio.
2021-03-28 12:42:55,112 - Done downloading audio.
2021-03-28 12:42:55,112 - ! Video (https://youtu.be/sWvagC5ccyY|Well There's Your Problem   Episode 43 Las Vegas Loop) usual forced error.
2021-03-28 12:42:55,112 - Unable to use main Youtube Extractor, switching to Youtube-dl backend.
2021-03-28 12:43:32,471 - Done downloading audio.
2021-03-28 12:44:32,188 - Done downloading audio.
2021-03-28 12:44:32,189 - ! Video (https://youtu.be/YVaMNHQQCs0|Well There's Your Problem   Episode 42 Piper Alpha) usual forced error.
2021-03-28 12:44:32,189 - Unable to use main Youtube Extractor, switching to Youtube-dl backend.
2021-03-28 12:44:51,174 - Done downloading audio.
2021-03-28 12:48:11,454 - Done downloading audio.
2021-03-28 12:48:11,455 - ! Video (https://youtu.be/f7Qop_64qqk|Well There's Your Problem   Episode 41 Nine Eleven (just the WTC towers)) usual forced error.
2021-03-28 12:48:11,455 - Unable to use main Youtube Extractor, switching to Youtube-dl backend.
2021-03-28 12:48:34,331 - Done downloading audio.
2021-03-28 12:51:33,140 - Done downloading audio.
2021-03-28 12:51:33,141 - ! Video (https://youtu.be/F1y-2CUetwM|Well There's Your Problem   Episode 40 Urban Freight Rail & Industrial Sprawl) usual forced error.
2021-03-28 12:51:33,142 - Unable to use main Youtube Extractor, switching to Youtube-dl backend.
2021-03-28 12:52:20,062 - Done downloading audio.
2021-03-28 12:56:02,217 - Done downloading audio.
2021-03-28 12:56:02,218 - ! Video (https://youtu.be/7ejyhTkMd6U|Well There's Your Problem   Episode 39 Great Heck Rail Crash) usual forced error.
2021-03-28 12:56:02,218 - Unable to use main Youtube Extractor, switching to Youtube-dl backend.
2021-03-28 12:56:34,485 - Done downloading audio.
2021-03-28 12:59:03,521 - Done downloading audio.
2021-03-28 12:59:03,521 - ! Video (https://youtu.be/iz1sMv5C60Q|Well There's Your Problem   Episode 38 V-22 Osprey) usual forced error.
2021-03-28 12:59:03,521 - Unable to use main Youtube Extractor, switching to Youtube-dl backend.
2021-03-28 12:59:08,016 - Done downloading audio.
2021-03-28 13:00:15,929 - Done downloading audio.
2021-03-28 13:00:15,930 - ! Video (https://youtu.be/2bvltmNno_A|Well There's Your Problem   Episode 37 Costa Concordia) usual forced error.
2021-03-28 13:00:15,930 - Unable to use main Youtube Extractor, switching to Youtube-dl backend.
2021-03-28 13:00:27,992 - Done downloading audio.
2021-03-28 13:01:38,004 - Done downloading audio.
2021-03-28 13:01:38,005 - ! Video (https://youtu.be/B4nYxtLsTj0|Well There's Your Problem   BONUS EPISODE 6 PREVIEW BEER) usual forced error.
2021-03-28 13:01:38,005 - Unable to use main Youtube Extractor, switching to Youtube-dl backend.
2021-03-28 13:01:42,412 - Done downloading audio.
2021-03-28 13:01:59,730 - Done downloading audio.
2021-03-28 13:01:59,731 - ! Video (https://youtu.be/i5OkTfOLqx8|Well There's Your Problem   Episode 36 I-35W Mississippi River Bridge Collapse) usual forced error.
2021-03-28 13:01:59,732 - Unable to use main Youtube Extractor, switching to Youtube-dl backend.
2021-03-28 13:02:08,752 - Done downloading audio.
2021-03-28 13:03:48,795 - Done downloading audio.
2021-03-28 13:03:48,796 - ! Video (https://youtu.be/QjEI3Ko-kp8|Well There's Your Problem   Episode 35 Caltrain Defunding) usual forced error.
2021-03-28 13:03:48,796 - Unable to use main Youtube Extractor, switching to Youtube-dl backend.
2021-03-28 13:03:55,865 - Done downloading audio.
2021-03-28 13:04:53,214 - Done downloading audio.
2021-03-28 13:04:53,215 - ! Video (https://youtu.be/xHqzUTTZWyI|Well There's Your Problem   Episode 34 Ustica Massacre) usual forced error.
2021-03-28 13:04:53,215 - Unable to use main Youtube Extractor, switching to Youtube-dl backend.
2021-03-28 13:05:41,291 - Done downloading audio.
2021-03-28 13:07:37,677 - Done downloading audio.
2021-03-28 13:07:37,677 - ! Video (https://youtu.be/lonzTuWd3Xk|Well There's Your Problem   Episode 33 Pier 34 Collapse) usual forced error.
2021-03-28 13:07:37,678 - Unable to use main Youtube Extractor, switching to Youtube-dl backend.
2021-03-28 13:07:42,109 - Done downloading audio.
2021-03-28 13:08:49,836 - Done downloading audio.
2021-03-28 13:08:49,837 - ! Video (https://youtu.be/b_WhhRshZCg|Well There's Your Problem   Episode 32 Salang Tunnel Fire Part 2) usual forced error.
2021-03-28 13:08:49,837 - Unable to use main Youtube Extractor, switching to Youtube-dl backend.
2021-03-28 13:09:03,079 - Done downloading audio.
2021-03-28 13:10:48,460 - Done downloading audio.
2021-03-28 13:10:48,461 - ! Video (https://youtu.be/hGgu07xhdHQ|Well There's Your Problem   Episode 31 Salang Tunnel Fire Part 1) usual forced error.
2021-03-28 13:10:48,461 - Unable to use main Youtube Extractor, switching to Youtube-dl backend.
2021-03-28 13:10:59,325 - Done downloading audio.
2021-03-28 13:12:16,913 - Done downloading audio.
2021-03-28 13:12:16,913 - ! Video (https://youtu.be/V0Si76AlRU4|Well There's Your Problem   Episode 30 Austrian Wine Tainting Scandal) usual forced error.
2021-03-28 13:12:16,914 - Unable to use main Youtube Extractor, switching to Youtube-dl backend.
2021-03-28 13:12:26,503 - Done downloading audio.
2021-03-28 13:14:13,437 - Done downloading audio.
2021-03-28 13:14:13,438 - ! Video (https://youtu.be/qW48CIGuvZE|Well There's Your Problem   Episode 29 Print Media) usual forced error.
2021-03-28 13:14:13,438 - Unable to use main Youtube Extractor, switching to Youtube-dl backend.
2021-03-28 13:14:33,008 - Done downloading audio.
2021-03-28 13:16:50,749 - Done downloading audio.
2021-03-28 13:16:50,750 - ! Video (https://youtu.be/M9z87U9yn0Y|Well There's Your Problem   BONUS EPISODE 6 PREVIEW Too Many Floors) usual forced error.
2021-03-28 13:16:50,750 - Unable to use main Youtube Extractor, switching to Youtube-dl backend.
2021-03-28 13:16:54,439 - Done downloading audio.
2021-03-28 13:17:16,153 - Done downloading audio.
2021-03-28 13:17:16,154 - ! Video (https://youtu.be/34rdxDgpaaA|Well There's Your Problem   Episode 28 Goinia Incident) usual forced error.
2021-03-28 13:17:16,154 - Unable to use main Youtube Extractor, switching to Youtube-dl backend.
2021-03-28 13:17:20,552 - Done downloading audio.
2021-03-28 13:19:19,000 - Done downloading audio.
2021-03-28 13:19:19,000 - ! Video (https://youtu.be/o1HT8Gaykjo|Well There's Your Problem   Episode 27 Bhopal Disaster (Part 2)) usual forced error.
2021-03-28 13:19:19,001 - Unable to use main Youtube Extractor, switching to Youtube-dl backend.
2021-03-28 13:19:22,948 - Done downloading audio.
2021-03-28 13:22:03,212 - Done downloading audio.
2021-03-28 13:22:03,213 - ! Video (https://youtu.be/EEKzJ7h54Uc|Well There's Your Problem   Episode 26 Transit in the Age of Coronavirus) usual forced error.
2021-03-28 13:22:03,213 - Unable to use main Youtube Extractor, switching to Youtube-dl backend.
2021-03-28 13:22:18,205 - Done downloading audio.
2021-03-28 13:24:26,616 - Done downloading audio.
2021-03-28 13:24:26,617 - ! Video (https://youtu.be/vCKVreNqMjI|Well There's Your Problem   Episode 25 Bhopal Disaster (Part 1)) usual forced error.
2021-03-28 13:24:26,617 - Unable to use main Youtube Extractor, switching to Youtube-dl backend.
2021-03-28 13:24:31,655 - Done downloading audio.
2021-03-28 13:25:53,200 - Done downloading audio.
2021-03-28 13:25:53,200 - ! Video (https://youtu.be/g_vUw_AnCe4|Well There's Your Problem   BONUS EPISODE 5 PREVIEW COLLEGE) usual forced error.
2021-03-28 13:25:53,201 - Unable to use main Youtube Extractor, switching to Youtube-dl backend.
2021-03-28 13:25:54,948 - Done downloading audio.
2021-03-28 13:26:01,860 - Done downloading audio.
2021-03-28 13:26:01,860 - ! Video (https://youtu.be/ciF1p_GMrmw|Well There's Your Problem   Episode 24 Kings Cross Fire) usual forced error.
2021-03-28 13:26:01,861 - Unable to use main Youtube Extractor, switching to Youtube-dl backend.
2021-03-28 13:26:11,747 - Done downloading audio.
2021-03-28 13:28:17,038 - Done downloading audio.
2021-03-28 13:28:17,038 - ! Video (https://youtu.be/QueMqRjW5Eo|Well There's Your Problem    Episode 23 Vajont Dam) usual forced error.
2021-03-28 13:28:17,038 - Unable to use main Youtube Extractor, switching to Youtube-dl backend.
2021-03-28 13:28:31,769 - Done downloading audio.
2021-03-28 13:31:17,185 - Done downloading audio.
2021-03-28 13:31:17,186 - ! Video (https://youtu.be/vxv04lgJYVs|Well There's Your Problem   Episode 22 Tenerife Airport Disaster) usual forced error.
2021-03-28 13:31:17,186 - Unable to use main Youtube Extractor, switching to Youtube-dl backend.
2021-03-28 13:31:21,968 - Done downloading audio.
2021-03-28 13:33:09,797 - Done downloading audio.
2021-03-28 13:33:09,798 - ! Video (https://youtu.be/38-MKEap0AQ|Well There's Your Problem   Episode 21 1953 Federal Express Wreck) usual forced error.
2021-03-28 13:33:09,798 - Unable to use main Youtube Extractor, switching to Youtube-dl backend.
2021-03-28 13:33:16,487 - Done downloading audio.
2021-03-28 13:34:04,113 - Done downloading audio.
2021-03-28 13:34:04,113 - ! Video (https://youtu.be/2yXmFVTeprU|Well There's Your Problem   Bonus Episode 4 PREVIEW Protestantism) usual forced error.
2021-03-28 13:34:04,114 - Unable to use main Youtube Extractor, switching to Youtube-dl backend.
2021-03-28 13:34:05,995 - Done downloading audio.
2021-03-28 13:34:15,153 - Done downloading audio.
2021-03-28 13:34:15,153 - ! Video (https://youtu.be/oifinZTKxKo|Well There's Your Problem   Episode 20 1918 Philadelphia War Bond Parade) usual forced error.
2021-03-28 13:34:15,154 - Unable to use main Youtube Extractor, switching to Youtube-dl backend.
2021-03-28 13:34:30,634 - Done downloading audio.
2021-03-28 13:37:00,666 - Done downloading audio.
2021-03-28 13:37:00,666 - ! Video (https://youtu.be/dgKU0zu6KB8|Well There's Your Problem   Episode 19 Lake Peigneur) usual forced error.
2021-03-28 13:37:00,666 - Unable to use main Youtube Extractor, switching to Youtube-dl backend.
2021-03-28 13:37:11,690 - Done downloading audio.
2021-03-28 13:38:47,663 - Done downloading audio.
2021-03-28 13:38:47,663 - ! Video (https://youtu.be/s6jDfXVpZ2o|Well There's Your Problem   Bonus Episode 3 PREVIEW The SA80 Rifle) usual forced error.
2021-03-28 13:38:47,663 - Unable to use main Youtube Extractor, switching to Youtube-dl backend.
2021-03-28 13:38:49,050 - Done downloading audio.
2021-03-28 13:38:57,646 - Done downloading audio.
2021-03-28 13:38:57,646 - ! Video (https://youtu.be/AxA1vb6P2lU|Well There's Your Problem   Episode 18 Texas City Disaster) usual forced error.
2021-03-28 13:38:57,646 - Unable to use main Youtube Extractor, switching to Youtube-dl backend.
2021-03-28 13:39:14,976 - Done downloading audio.
2021-03-28 13:40:39,035 - Done downloading audio.
2021-03-28 13:40:39,036 - ! Video (https://youtu.be/JaRVy31lTlQ|Well There's Your Problem   Episode 17 The Atmospheric Railway) usual forced error.
2021-03-28 13:40:39,036 - Unable to use main Youtube Extractor, switching to Youtube-dl backend.
2021-03-28 13:40:43,513 - Done downloading audio.
2021-03-28 13:41:32,002 - Done downloading audio.
2021-03-28 13:41:32,003 - ! Video (https://youtu.be/MjSyYRyokPo|Well There's Your Problem   Episode 16 The Iowa Caucuses) usual forced error.
2021-03-28 13:41:32,003 - Unable to use main Youtube Extractor, switching to Youtube-dl backend.
2021-03-28 13:41:42,207 - Done downloading audio.
2021-03-28 13:42:51,892 - Done downloading audio.
2021-03-28 13:42:51,893 - ! Video (https://youtu.be/G77GkxZrxIs|Well There's Your Problem   Episode 15 The Advanced Passenger Train) usual forced error.
2021-03-28 13:42:51,893 - Unable to use main Youtube Extractor, switching to Youtube-dl backend.
2021-03-28 13:43:06,649 - Done downloading audio.
2021-03-28 13:44:28,269 - Done downloading audio.
2021-03-28 13:44:28,270 - ! Video (https://youtu.be/SjOduiPSF1Q|Well There's Your Problem   Episode 14 The Quebec Bridge) usual forced error.
2021-03-28 13:44:28,270 - Unable to use main Youtube Extractor, switching to Youtube-dl backend.
2021-03-28 13:44:33,505 - Done downloading audio.
2021-03-28 13:45:43,666 - Done downloading audio.
2021-03-28 13:45:43,667 - ! Video (https://youtu.be/q3bVHov-D-A|Well There's Your Problem   BONUS EPISODE 2 PREVIEW Liam's Van) usual forced error.
2021-03-28 13:45:43,667 - Unable to use main Youtube Extractor, switching to Youtube-dl backend.
2021-03-28 13:45:48,027 - Done downloading audio.
2021-03-28 13:45:57,531 - Done downloading audio.
2021-03-28 13:45:57,532 - ! Video (https://youtu.be/yvM6vaZKKm4|Well There's Your Problem   Episode 12A The Boeing 737 MAX) usual forced error.
2021-03-28 13:45:57,532 - Unable to use main Youtube Extractor, switching to Youtube-dl backend.
2021-03-28 13:46:14,462 - Done downloading audio.
2021-03-28 13:46:50,129 - Done downloading audio.
2021-03-28 13:46:50,130 - ! Video (https://youtu.be/j2BjTfwhbh8|Well There's Your Problem   Episode 12 Hillsborough Disaster) usual forced error.
2021-03-28 13:46:50,130 - Unable to use main Youtube Extractor, switching to Youtube-dl backend.
2021-03-28 13:47:00,739 - Done downloading audio.
2021-03-28 13:48:38,805 - Done downloading audio.
2021-03-28 13:48:38,805 - ! Video (https://youtu.be/5Dq7BFmUWIk|Well There's Your Problem   Episode 11 Aberfan Disaster) usual forced error.
2021-03-28 13:48:38,805 - Unable to use main Youtube Extractor, switching to Youtube-dl backend.
2021-03-28 13:48:45,599 - Done downloading audio.
2021-03-28 13:51:04,094 - Done downloading audio.
2021-03-28 13:51:04,095 - ! Video (https://youtu.be/lMcriPJKPdI|Well There's Your Problem   Episode 10 Roads for Rails - the Newfoundland Railway) usual forced error.
2021-03-28 13:51:04,095 - Unable to use main Youtube Extractor, switching to Youtube-dl backend.
2021-03-28 13:51:18,437 - Done downloading audio.
2021-03-28 13:51:18,574 - ERROR: file:C:\Utilities\Scripts\url-dl-v2 output\youtube\channels\Well There's Your Problem Podcast\Well There's Your Problem   Episode 10 Roads for Rails - the Newfoundland Railway\Well There's Your Problem _ Episode 10 - Roads for Rails - the Newfoundland Railway.temp.m4a: No such file or directory
Traceback (most recent call last):
  File "C:\Users\sanpee\AppData\Local\Programs\Python\Python38-32\lib\site-packages\youtube_dl\YoutubeDL.py", line 2106, in post_process
    files_to_delete, info = pp.run(info)
  File "C:\Users\sanpee\AppData\Local\Programs\Python\Python38-32\lib\site-packages\youtube_dl\postprocessor\ffmpeg.py", line 574, in run
    self.run_ffmpeg(filename, temp_filename, options)
  File "C:\Users\sanpee\AppData\Local\Programs\Python\Python38-32\lib\site-packages\youtube_dl\postprocessor\ffmpeg.py", line 239, in run_ffmpeg
    self.run_ffmpeg_multiple_files([path], out_path, opts)
  File "C:\Users\sanpee\AppData\Local\Programs\Python\Python38-32\lib\site-packages\youtube_dl\postprocessor\ffmpeg.py", line 235, in run_ffmpeg_multiple_files
    raise FFmpegPostProcessorError(msg)
youtube_dl.postprocessor.ffmpeg.FFmpegPostProcessorError: file:C:\Utilities\Scripts\url-dl-v2 output\youtube\channels\Well There's Your Problem Podcast\Well There's Your Problem   Episode 10 Roads for Rails - the Newfoundland Railway\Well There's Your Problem _ Episode 10 - Roads for Rails - the Newfoundland Railway.temp.m4a: No such file or directory

During handling of the above exception, another exception occurred:

Traceback (most recent call last):
  File "C:\Utilities\Scripts\url-dl-v2\extractors\youtube.py", line 611, in download_handler
    youtube_dl_backup(video_info["url"],root_download_dir)
  File "C:\Utilities\Scripts\url-dl-v2\extractors\youtube.py", line 97, in youtube_dl_backup
    ydl.download([url])
  File "C:\Users\sanpee\AppData\Local\Programs\Python\Python38-32\lib\site-packages\youtube_dl\YoutubeDL.py", line 2059, in download
    res = self.extract_info(
  File "C:\Users\sanpee\AppData\Local\Programs\Python\Python38-32\lib\site-packages\youtube_dl\YoutubeDL.py", line 799, in extract_info
    return self.__extract_info(url, ie, download, extra_info, process)
  File "C:\Users\sanpee\AppData\Local\Programs\Python\Python38-32\lib\site-packages\youtube_dl\YoutubeDL.py", line 806, in wrapper
    return func(self, *args, **kwargs)
  File "C:\Users\sanpee\AppData\Local\Programs\Python\Python38-32\lib\site-packages\youtube_dl\YoutubeDL.py", line 838, in __extract_info
    return self.process_ie_result(ie_result, download, extra_info)
  File "C:\Users\sanpee\AppData\Local\Programs\Python\Python38-32\lib\site-packages\youtube_dl\YoutubeDL.py", line 872, in process_ie_result
    return self.process_video_result(ie_result, download=download)
  File "C:\Users\sanpee\AppData\Local\Programs\Python\Python38-32\lib\site-packages\youtube_dl\YoutubeDL.py", line 1683, in process_video_result
    self.process_info(new_info)
  File "C:\Users\sanpee\AppData\Local\Programs\Python\Python38-32\lib\site-packages\youtube_dl\YoutubeDL.py", line 2041, in process_info
    self.post_process(filename, info_dict)
  File "C:\Users\sanpee\AppData\Local\Programs\Python\Python38-32\lib\site-packages\youtube_dl\YoutubeDL.py", line 2108, in post_process
    self.report_error(e.msg)
  File "C:\Users\sanpee\AppData\Local\Programs\Python\Python38-32\lib\site-packages\youtube_dl\YoutubeDL.py", line 628, in report_error
    self.trouble(error_message, tb)
  File "C:\Users\sanpee\AppData\Local\Programs\Python\Python38-32\lib\site-packages\youtube_dl\YoutubeDL.py", line 598, in trouble
    raise DownloadError(message, exc_info)
youtube_dl.utils.DownloadError: ERROR: file:C:\Utilities\Scripts\url-dl-v2 output\youtube\channels\Well There's Your Problem Podcast\Well There's Your Problem   Episode 10 Roads for Rails - the Newfoundland Railway\Well There's Your Problem _ Episode 10 - Roads for Rails - the Newfoundland Railway.temp.m4a: No such file or directory
2021-03-28 13:51:18,582 - ! Video (https://youtu.be/epkCrB8aKXA|Well There's Your Problem   Episode 9 Grenfell Tower Fire) usual forced error.
2021-03-28 13:51:18,582 - Unable to use main Youtube Extractor, switching to Youtube-dl backend.
2021-03-28 13:51:37,344 - Done downloading audio.
2021-03-28 13:52:23,285 - Done downloading audio.
2021-03-28 13:52:23,286 - ! Video (https://youtu.be/Sm5p2K9eW9o|Well There's Your Problem   Episode 8 Three Mile Island) usual forced error.
2021-03-28 13:52:23,286 - Unable to use main Youtube Extractor, switching to Youtube-dl backend.
2021-03-28 13:52:29,318 - Done downloading audio.
2021-03-28 13:53:22,864 - Done downloading audio.
2021-03-28 13:53:22,865 - ! Video (https://youtu.be/lJU-Q9gw_sg|Well There's Your Problem   BONUS Episode 1 PREVIEW Groverhaus) usual forced error.
2021-03-28 13:53:22,865 - Unable to use main Youtube Extractor, switching to Youtube-dl backend.
2021-03-28 13:53:25,086 - Done downloading audio.
2021-03-28 13:53:29,493 - Done downloading audio.
2021-03-28 13:53:29,494 - ! Video (https://youtu.be/UdtQi6TEcjs|Well There's Your Problem   Episode 7 Lac-Megantic) usual forced error.
2021-03-28 13:53:29,494 - Unable to use main Youtube Extractor, switching to Youtube-dl backend.
2021-03-28 13:53:41,072 - Done downloading audio.
2021-03-28 13:55:01,283 - Done downloading audio.
2021-03-28 13:55:01,284 - ! Video (https://youtu.be/3eMfv1i3eFk|Well There's Your Problem   Episode 6 MS Estonia) usual forced error.
2021-03-28 13:55:01,284 - Unable to use main Youtube Extractor, switching to Youtube-dl backend.
2021-03-28 13:55:19,242 - Done downloading audio.
2021-03-28 13:55:52,274 - Done downloading audio.
2021-03-28 13:55:52,275 - Creating download information json.
2021-03-28 13:55:52,278 - Writing text file.
2021-03-28 13:55:52,278 - Downloading: Well There's Your Problem Podcast - Channel Image.png
2021-03-28 13:55:52,719 - Writing text file.
2021-03-28 13:55:52,720 - Downloading: Well There's Your Problem   Episode 60 Andrew Cuomo - Thumbnail.png
2021-03-28 13:55:52,780 - Writing text file.
2021-03-28 13:55:52,780 - Downloading: Well There's Your Problem   BONUS EPISODE 13 PREVIEW The Bradley Fighting Vehicle - Thumbnail.png
2021-03-28 13:55:53,311 - Writing text file.
2021-03-28 13:55:53,312 - Downloading: Well There's Your Problem   Episode 59 Eschede Derailment - Thumbnail.png
2021-03-28 13:55:53,842 - Writing text file.
2021-03-28 13:55:53,842 - Downloading: Well There's Your Problem   Episode 58 The Station Nightclub Fire - Thumbnail.png
2021-03-28 13:55:54,291 - Writing text file.
2021-03-28 13:55:54,292 - Downloading: Well There's Your Problem   Episode 57 It Snowed in Texas - Thumbnail.png
2021-03-28 13:55:54,543 - Writing text file.
2021-03-28 13:55:54,543 - Downloading: Well There's Your Problem   Episode 56 The Vulcan Bridge - Thumbnail.png
2021-03-28 13:55:55,034 - Writing text file.
2021-03-28 13:55:55,034 - Downloading: Well There's Your Problem   Episode 55 Kursk Disaster - Thumbnail.png
2021-03-28 13:55:55,554 - Writing text file.
2021-03-28 13:55:55,554 - Downloading: Well There's Your Problem   Episode 54 Gulf State Vanity Projects - Thumbnail.png
2021-03-28 13:55:56,048 - Writing text file.
2021-03-28 13:55:56,048 - Downloading: Well There's Your Problem   BONUS EPISODE 12 PREVIEW The Philadelphia Eagles - Thumbnail.png
2021-03-28 13:55:56,321 - Writing text file.
2021-03-28 13:55:56,321 - Downloading: Well There's Your Problem   Episode 53 New London, Texas School Explosion - Thumbnail.png
2021-03-28 13:55:56,793 - Writing text file.
2021-03-28 13:55:56,793 - Downloading: Well There's Your Problem   Episode 52 1996 Channel Tunnel Fire - Thumbnail.png
2021-03-28 13:55:57,250 - Writing text file.
2021-03-28 13:55:57,251 - Downloading: Well There's Your Problem   Episode 51 One Meridian Plaza Fire - Thumbnail.png
2021-03-28 13:55:57,727 - Writing text file.
2021-03-28 13:55:57,727 - Downloading: Well There's Your Problem   BONUS EPISODE 11 PREVIEW The Steam Locomotive - Thumbnail.png
2021-03-28 13:55:58,262 - Writing text file.
2021-03-28 13:55:58,263 - Downloading: Well There's Your Problem   Episode 50 Qs and As - Thumbnail.png
2021-03-28 13:55:58,519 - Writing text file.
2021-03-28 13:55:58,519 - Downloading: Well There's Your Problem   Episode 49 hindenburg - Thumbnail.png
2021-03-28 13:55:58,973 - Writing text file.
2021-03-28 13:55:58,974 - Downloading: Well There's Your Problem   Episode 48 Byford Dolphin - Thumbnail.png
2021-03-28 13:55:59,255 - Writing text file.
2021-03-28 13:55:59,255 - Downloading: Well There's Your Problem   Episode 47 Ashtabula Horror - Thumbnail.png
2021-03-28 13:55:59,617 - Writing text file.
2021-03-28 13:55:59,617 - Downloading: Well There's Your Problem   BONUS EPISODE 10 PREVIEW Group B Rallye - Thumbnail.png
2021-03-28 13:55:59,936 - Writing text file.
2021-03-28 13:55:59,936 - Downloading: Well There's Your Problem   Episode 46  Five-over-Ones - Thumbnail.png
2021-03-28 13:56:00,191 - Writing text file.
2021-03-28 13:56:00,192 - Downloading: Well There's Your Problem   Episode 45 1955 Le Mans Disaster - Thumbnail.png
2021-03-28 13:56:00,637 - Writing text file.
2021-03-28 13:56:00,637 - Downloading: Elevator Video Number 1 - Thumbnail.png
2021-03-28 13:56:00,881 - Writing text file.
2021-03-28 13:56:00,881 - Downloading: Well There's Your Problem   BONUS EPISODE 9 PREVIEW The Process - Thumbnail.png
2021-03-28 13:56:01,996 - Writing text file.
2021-03-28 13:56:01,997 - Downloading: Well Scares Your Problem   Episode 44 Ghost Ships - Thumbnail.png
2021-03-28 13:56:02,245 - Writing text file.
2021-03-28 13:56:02,245 - Downloading: Well There's Your Problem   Episode 43 Las Vegas Loop - Thumbnail.png
2021-03-28 13:56:02,296 - Writing text file.
2021-03-28 13:56:02,296 - Downloading: Well There's Your Problem   Episode 42 Piper Alpha - Thumbnail.png
2021-03-28 13:56:02,570 - Writing text file.
2021-03-28 13:56:02,571 - Downloading: Well There's Your Problem   Episode 41 Nine Eleven (just the WTC towers) - Thumbnail.png
2021-03-28 13:56:02,865 - Writing text file.
2021-03-28 13:56:02,866 - Downloading: Well There's Your Problem   Episode 40 Urban Freight Rail & Industrial Sprawl - Thumbnail.png
2021-03-28 13:56:03,345 - Writing text file.
2021-03-28 13:56:03,345 - Downloading: Well There's Your Problem   Episode 39 Great Heck Rail Crash - Thumbnail.png
2021-03-28 13:56:03,694 - Writing text file.
2021-03-28 13:56:03,694 - Downloading: Well There's Your Problem   Episode 38 V-22 Osprey - Thumbnail.png
2021-03-28 13:56:04,152 - Writing text file.
2021-03-28 13:56:04,153 - Downloading: Well There's Your Problem   Episode 37 Costa Concordia - Thumbnail.png
2021-03-28 13:56:04,211 - Writing text file.
2021-03-28 13:56:04,211 - Downloading: Well There's Your Problem   BONUS EPISODE 6 PREVIEW BEER - Thumbnail.png
2021-03-28 13:56:04,659 - Writing text file.
2021-03-28 13:56:04,659 - Downloading: Well There's Your Problem   Episode 36 I-35W Mississippi River Bridge Collapse - Thumbnail.png
2021-03-28 13:56:04,790 - Writing text file.
2021-03-28 13:56:04,791 - Downloading: Well There's Your Problem   Episode 35 Caltrain Defunding - Thumbnail.png
2021-03-28 13:56:05,062 - Writing text file.
2021-03-28 13:56:05,063 - Downloading: Well There's Your Problem   Episode 34 Ustica Massacre - Thumbnail.png
2021-03-28 13:56:05,518 - Writing text file.
2021-03-28 13:56:05,519 - Downloading: Well There's Your Problem   Episode 33 Pier 34 Collapse - Thumbnail.png
2021-03-28 13:56:06,152 - Writing text file.
2021-03-28 13:56:06,152 - Downloading: Well There's Your Problem   Episode 32 Salang Tunnel Fire Part 2 - Thumbnail.png
2021-03-28 13:56:06,471 - Writing text file.
2021-03-28 13:56:06,471 - Downloading: Well There's Your Problem   Episode 31 Salang Tunnel Fire Part 1 - Thumbnail.png
2021-03-28 13:56:06,968 - Writing text file.
2021-03-28 13:56:06,968 - Downloading: Well There's Your Problem   Episode 30 Austrian Wine Tainting Scandal - Thumbnail.png
2021-03-28 13:56:07,436 - Writing text file.
2021-03-28 13:56:07,436 - Downloading: Well There's Your Problem   Episode 29 Print Media - Thumbnail.png
2021-03-28 13:56:07,919 - Writing text file.
2021-03-28 13:56:07,919 - Downloading: Well There's Your Problem   BONUS EPISODE 6 PREVIEW Too Many Floors - Thumbnail.png
2021-03-28 13:56:08,446 - Writing text file.
2021-03-28 13:56:08,446 - Downloading: Well There's Your Problem   Episode 28 Goinia Incident - Thumbnail.png
2021-03-28 13:56:08,924 - Writing text file.
2021-03-28 13:56:08,924 - Downloading: Well There's Your Problem   Episode 27 Bhopal Disaster (Part 2) - Thumbnail.png
2021-03-28 13:56:09,420 - Writing text file.
2021-03-28 13:56:09,420 - Downloading: Well There's Your Problem   Episode 26 Transit in the Age of Coronavirus - Thumbnail.png
2021-03-28 13:56:09,703 - Writing text file.
2021-03-28 13:56:09,703 - Downloading: Well There's Your Problem   Episode 25 Bhopal Disaster (Part 1) - Thumbnail.png
2021-03-28 13:56:10,204 - Writing text file.
2021-03-28 13:56:10,204 - Downloading: Well There's Your Problem   BONUS EPISODE 5 PREVIEW COLLEGE - Thumbnail.png
2021-03-28 13:56:10,656 - Writing text file.
2021-03-28 13:56:10,656 - Downloading: Well There's Your Problem   Episode 24 Kings Cross Fire - Thumbnail.png
2021-03-28 13:56:10,929 - Writing text file.
2021-03-28 13:56:10,929 - Downloading: Well There's Your Problem    Episode 23 Vajont Dam - Thumbnail.png
2021-03-28 13:56:10,982 - Writing text file.
2021-03-28 13:56:10,983 - Downloading: Well There's Your Problem   Episode 22 Tenerife Airport Disaster - Thumbnail.png
2021-03-28 13:56:11,039 - Writing text file.
2021-03-28 13:56:11,040 - Downloading: Well There's Your Problem   Episode 21 1953 Federal Express Wreck - Thumbnail.png
2021-03-28 13:56:11,255 - Writing text file.
2021-03-28 13:56:11,255 - Downloading: Well There's Your Problem   Bonus Episode 4 PREVIEW Protestantism - Thumbnail.png
2021-03-28 13:56:11,530 - Writing text file.
2021-03-28 13:56:11,530 - Downloading: Well There's Your Problem   Episode 20 1918 Philadelphia War Bond Parade - Thumbnail.png
2021-03-28 13:56:12,277 - Writing text file.
2021-03-28 13:56:12,277 - Downloading: Well There's Your Problem   Episode 19 Lake Peigneur - Thumbnail.png
2021-03-28 13:56:12,810 - Writing text file.
2021-03-28 13:56:12,810 - Downloading: Well There's Your Problem   Bonus Episode 3 PREVIEW The SA80 Rifle - Thumbnail.png
2021-03-28 13:56:13,163 - Writing text file.
2021-03-28 13:56:13,163 - Downloading: Well There's Your Problem   Episode 18 Texas City Disaster - Thumbnail.png
2021-03-28 13:56:13,619 - Writing text file.
2021-03-28 13:56:13,619 - Downloading: Well There's Your Problem   Episode 17 The Atmospheric Railway - Thumbnail.png
2021-03-28 13:56:13,946 - Writing text file.
2021-03-28 13:56:13,947 - Downloading: Well There's Your Problem   Episode 16 The Iowa Caucuses - Thumbnail.png
2021-03-28 13:56:14,315 - Writing text file.
2021-03-28 13:56:14,315 - Downloading: Well There's Your Problem   Episode 15 The Advanced Passenger Train - Thumbnail.png
2021-03-28 13:56:14,621 - Writing text file.
2021-03-28 13:56:14,621 - Downloading: Well There's Your Problem   Episode 14 The Quebec Bridge - Thumbnail.png
2021-03-28 13:56:15,117 - Writing text file.
2021-03-28 13:56:15,117 - Downloading: Well There's Your Problem   BONUS EPISODE 2 PREVIEW Liam's Van - Thumbnail.png
2021-03-28 13:56:15,637 - Writing text file.
2021-03-28 13:56:15,638 - Downloading: Well There's Your Problem   Episode 12A The Boeing 737 MAX - Thumbnail.png
2021-03-28 13:56:16,037 - Writing text file.
2021-03-28 13:56:16,037 - Downloading: Well There's Your Problem   Episode 12 Hillsborough Disaster - Thumbnail.png
2021-03-28 13:56:16,574 - Writing text file.
2021-03-28 13:56:16,574 - Downloading: Well There's Your Problem   Episode 11 Aberfan Disaster - Thumbnail.png
2021-03-28 13:56:16,623 - Writing text file.
2021-03-28 13:56:16,623 - Downloading: Well There's Your Problem   Episode 10 Roads for Rails - the Newfoundland Railway - Thumbnail.png
2021-03-28 13:56:16,666 - Writing text file.
2021-03-28 13:56:16,666 - Downloading: Well There's Your Problem   Episode 9 Grenfell Tower Fire - Thumbnail.png
2021-03-28 13:56:16,711 - Writing text file.
2021-03-28 13:56:16,711 - Downloading: Well There's Your Problem   Episode 8 Three Mile Island - Thumbnail.png
2021-03-28 13:56:16,753 - Writing text file.
2021-03-28 13:56:16,753 - Downloading: Well There's Your Problem   BONUS Episode 1 PREVIEW Groverhaus - Thumbnail.png
2021-03-28 13:56:17,035 - Writing text file.
2021-03-28 13:56:17,035 - Downloading: Well There's Your Problem   Episode 7 Lac-Megantic - Thumbnail.png
2021-03-28 13:56:17,504 - Writing text file.
2021-03-28 13:56:17,504 - Downloading: Well There's Your Problem   Episode 6 MS Estonia - Thumbnail.png
2021-03-28 13:56:18,000 - Download for https://www.youtube.com/channel/UCPxHg4192hLDpTI2w7F9rPg complete.

2021-03-28 13:56:18,001 - Current: https://www.youtube.com/channel/UCfVgJvRCqS7nW1xP05Qjc9w 
2021-03-28 13:56:18,001 - youtube link
2021-03-28 13:56:18,007 - [WinError 10054] An existing connection was forcibly closed by the remote host
Traceback (most recent call last):
  File "C:\Utilities\Scripts\url-dl-v2\main.py", line 178, in parse_file
    Downloader = youtube_extractor(Downloader)
  File "C:\Utilities\Scripts\url-dl-v2\extractors\youtube.py", line 229, in youtube_extractor
    response = request.execute()
  File "C:\Users\sanpee\AppData\Local\Programs\Python\Python38-32\lib\site-packages\googleapiclient\_helpers.py", line 134, in positional_wrapper
    return wrapped(*args, **kwargs)
  File "C:\Users\sanpee\AppData\Local\Programs\Python\Python38-32\lib\site-packages\googleapiclient\http.py", line 905, in execute
    resp, content = _retry_request(
  File "C:\Users\sanpee\AppData\Local\Programs\Python\Python38-32\lib\site-packages\googleapiclient\http.py", line 207, in _retry_request
    raise exception
  File "C:\Users\sanpee\AppData\Local\Programs\Python\Python38-32\lib\site-packages\googleapiclient\http.py", line 176, in _retry_request
    resp, content = http.request(uri, method, *args, **kwargs)
  File "C:\Users\sanpee\AppData\Local\Programs\Python\Python38-32\lib\site-packages\httplib2\__init__.py", line 1708, in request
    (response, content) = self._request(
  File "C:\Users\sanpee\AppData\Local\Programs\Python\Python38-32\lib\site-packages\httplib2\__init__.py", line 1424, in _request
    (response, content) = self._conn_request(conn, request_uri, method, body, headers)
  File "C:\Users\sanpee\AppData\Local\Programs\Python\Python38-32\lib\site-packages\httplib2\__init__.py", line 1376, in _conn_request
    response = conn.getresponse()
  File "C:\Users\sanpee\AppData\Local\Programs\Python\Python38-32\lib\http\client.py", line 1322, in getresponse
    response.begin()
  File "C:\Users\sanpee\AppData\Local\Programs\Python\Python38-32\lib\http\client.py", line 303, in begin
    version, status, reason = self._read_status()
  File "C:\Users\sanpee\AppData\Local\Programs\Python\Python38-32\lib\http\client.py", line 264, in _read_status
    line = str(self.fp.readline(_MAXLINE + 1), "iso-8859-1")
  File "C:\Users\sanpee\AppData\Local\Programs\Python\Python38-32\lib\socket.py", line 669, in readinto
    return self._sock.recv_into(b)
  File "C:\Users\sanpee\AppData\Local\Programs\Python\Python38-32\lib\ssl.py", line 1241, in recv_into
    return self.read(nbytes, buffer)
  File "C:\Users\sanpee\AppData\Local\Programs\Python\Python38-32\lib\ssl.py", line 1099, in read
    return self._sslobj.read(len, buffer)
ConnectionResetError: [WinError 10054] An existing connection was forcibly closed by the remote host
2021-03-28 13:56:18,025 - Current: https://www.youtube.com/channel/UCL468jSBjbgFgpr2ki96Hvw 
2021-03-28 13:56:18,025 - youtube link
2021-03-28 13:56:18,082 - {
    "favorites": "",
    "likes": "",
    "uploads": "UUL468jSBjbgFgpr2ki96Hvw"
}
2021-03-28 13:56:18,082 - Upload Playlist: UUL468jSBjbgFgpr2ki96Hvw
2021-03-28 13:56:18,136 - 'nextPageToken'
Traceback (most recent call last):
  File "C:\Utilities\Scripts\url-dl-v2\main.py", line 178, in parse_file
    Downloader = youtube_extractor(Downloader)
  File "C:\Utilities\Scripts\url-dl-v2\extractors\youtube.py", line 271, in youtube_extractor
    for a in extract_from_playlist(uploads):
  File "C:\Utilities\Scripts\url-dl-v2\extractors\youtube.py", line 162, in extract_from_playlist
    next_page_token = response["nextPageToken"]
KeyError: 'nextPageToken'
2021-03-28 13:56:18,146 - Current: https://www.youtube.com/channel/UCxJfx4F4uvnTdz83ZILV8NA 
2021-03-28 13:56:18,146 - youtube link
2021-03-28 13:56:18,178 - {
    "favorites": "",
    "likes": "",
    "uploads": "UUxJfx4F4uvnTdz83ZILV8NA"
}
2021-03-28 13:56:18,178 - Upload Playlist: UUxJfx4F4uvnTdz83ZILV8NA
2021-03-28 13:56:18,270 - Now downloading channel: Zephysonas
Video Count: 77
2021-03-28 13:56:18,270 - Channel has 77 videos downloaded.
2021-03-28 13:56:18,270 - Scraping for id: G7bv3CwjbW8
2021-03-28 13:56:18,646 - Scraping for id: VzNbbXuhtgU
2021-03-28 13:56:19,067 - Scraping for id: Rw5CH1nVA4E
2021-03-28 13:56:19,433 - Scraping for id: d-KRoAre9lw
2021-03-28 13:56:19,897 - Scraping for id: P0sE8Es_6J0
2021-03-28 13:56:20,309 - Scraping for id: IU2Liqs2Q3g
2021-03-28 13:56:20,704 - Scraping for id: UOtII7Nczi4
2021-03-28 13:56:21,498 - Scraping for id: zbulwKjV2qo
2021-03-28 13:56:21,889 - Scraping for id: PDAdO-zRXNk
2021-03-28 13:56:22,243 - Scraping for id: gVsGabcy9C8
2021-03-28 13:56:22,717 - Scraping for id: c4xqrN09f1Y
2021-03-28 13:56:23,523 - Scraping for id: 8JN3XJ_2-6c
2021-03-28 13:56:23,865 - Scraping for id: P1CHjsTxL1E
2021-03-28 13:56:24,709 - Scraping for id: 6kz1oHAfs0s
2021-03-28 13:56:25,149 - Scraping for id: yiwBDmkXWfU
2021-03-28 13:56:25,592 - Scraping for id: zshoGDQaQVg
2021-03-28 13:56:26,015 - Scraping for id: OELMrM22tuU
2021-03-28 13:56:26,498 - Scraping for id: 51bi3KAEDEI
2021-03-28 13:56:26,822 - Scraping for id: JNCajJELZk8
2021-03-28 13:56:27,395 - Scraping for id: CmbMLkQjxCE
2021-03-28 13:56:27,779 - Scraping for id: Z4UpNn1dVwE
2021-03-28 13:56:28,162 - Scraping for id: 1Xyh8DsNO9g
2021-03-28 13:56:28,592 - Scraping for id: Uvx7duJJ-7o
2021-03-28 13:56:29,004 - Scraping for id: 9O6XDgs8tLo
2021-03-28 13:56:29,828 - Scraping for id: ef87nq0KfEc
2021-03-28 13:56:30,309 - Scraping for id: z_exqfQWVaM
2021-03-28 13:56:30,651 - Scraping for id: 5iu4khmIhk4
2021-03-28 13:56:31,029 - Scraping for id: enGfR-Za2Po
2021-03-28 13:56:31,418 - Scraping for id: JGhAavwJtuI
2021-03-28 13:56:31,929 - Scraping for id: z8Gl98-hlK4
2021-03-28 13:56:32,387 - Scraping for id: Qp8-WXM3_pg
2021-03-28 13:56:32,920 - Scraping for id: EsPIQhCs9zY
2021-03-28 13:56:33,412 - Scraping for id: 07FHxHBqnNs
2021-03-28 13:56:33,834 - Scraping for id: XpiNfHtP7KQ
2021-03-28 13:56:34,362 - Scraping for id: zvaNTF3_9fc
2021-03-28 13:56:34,749 - Scraping for id: ldqcb0KGZcQ
2021-03-28 13:56:35,058 - Scraping for id: IARAkHg2Ld8
2021-03-28 13:56:35,920 - Scraping for id: 4BIZpArqAb4
2021-03-28 13:56:36,284 - Scraping for id: -vxcKhXX5YY
2021-03-28 13:56:36,666 - Scraping for id: _EGQCxeyyZ8
2021-03-28 13:56:37,043 - Scraping for id: xQxJ6THpAhE
2021-03-28 13:56:37,487 - Scraping for id: jhXmDpvsqFo
2021-03-28 13:56:37,926 - Scraping for id: L84ZsXDS4Dk
2021-03-28 13:56:38,483 - Scraping for id: -a323EBlrlw
2021-03-28 13:56:39,019 - Scraping for id: EOmoebgbOcQ
2021-03-28 13:56:39,358 - Scraping for id: 6Ae8yq3Jm_o
2021-03-28 13:56:39,793 - Scraping for id: bZ1JPJsJp_Q
2021-03-28 13:56:40,125 - Scraping for id: 7GoDy9qd9vM
2021-03-28 13:56:40,499 - Scraping for id: TDMv1jiHeGM
2021-03-28 13:56:41,329 - Scraping for id: IDLMrF5Fap0
2021-03-28 13:56:41,751 - Scraping for id: nr-annBOijk
2021-03-28 13:56:42,207 - Scraping for id: JLcsQFKGVZ0
2021-03-28 13:56:42,607 - Scraping for id: IwDIsXfjcZg
2021-03-28 13:56:43,012 - Scraping for id: WTJSo0QNsiM
2021-03-28 13:56:43,429 - Scraping for id: DSjEfyFcJng
2021-03-28 13:56:43,838 - Scraping for id: z4f5Qp9zcg8
2021-03-28 13:56:44,216 - Scraping for id: Uzs_6LD6r_Q
2021-03-28 13:56:44,572 - Scraping for id: EmY7eazKI5A
2021-03-28 13:56:44,933 - Scraping for id: EwiH9dYMWhY
2021-03-28 13:56:45,234 - Scraping for id: lIf9MldwAdU
2021-03-28 13:56:45,644 - Scraping for id: KoGjwiqT7KQ
2021-03-28 13:56:45,998 - Scraping for id: lPiFGe39UF8
2021-03-28 13:56:46,342 - Scraping for id: zGZcp407xgM
2021-03-28 13:56:46,762 - Scraping for id: H5WTRmrTpq0
2021-03-28 13:56:47,215 - Scraping for id: n-4CGoUXIo4
2021-03-28 13:56:47,668 - Scraping for id: hBpXSHiK_pg
2021-03-28 13:56:48,137 - Scraping for id: nuv7rJrIha4
2021-03-28 13:56:48,552 - Scraping for id: RooVWHOrQxQ
2021-03-28 13:56:48,955 - Scraping for id: jusKXfIKd8I
2021-03-28 13:56:49,453 - Scraping for id: cBrN4iOxBqE
2021-03-28 13:56:49,854 - Scraping for id: NIuqS59noXE
2021-03-28 13:56:50,240 - Scraping for id: 6e7cBdGYB8U
2021-03-28 13:56:50,563 - Scraping for id: D0AyvpF7GB0
2021-03-28 13:56:50,971 - Scraping for id: ebx9GynWNmo
2021-03-28 13:56:51,427 - Scraping for id: -D1lwaWcItg
2021-03-28 13:56:51,804 - Scraping for id: yqCLveOJXvM
2021-03-28 13:56:52,187 - Scraping for id: M4-jel4PPQI
2021-03-28 13:56:52,606 - ! Video (https://youtu.be/G7bv3CwjbW8|Guide How to make Epic Orchestral Music) usual forced error.
2021-03-28 13:56:52,606 - Unable to use main Youtube Extractor, switching to Youtube-dl backend.
2021-03-28 13:56:53,445 - Done downloading audio.
2021-03-28 13:56:54,482 - Done downloading audio.
2021-03-28 13:56:54,483 - ! Video (https://youtu.be/VzNbbXuhtgU|(Music)  Full Moon) usual forced error.
2021-03-28 13:56:54,483 - Unable to use main Youtube Extractor, switching to Youtube-dl backend.
2021-03-28 13:56:55,334 - Done downloading audio.
2021-03-28 13:56:58,688 - Done downloading audio.
2021-03-28 13:56:58,690 - ! Video (https://youtu.be/Rw5CH1nVA4E|Juniper Actias Moth Fan Music) usual forced error.
2021-03-28 13:56:58,692 - Unable to use main Youtube Extractor, switching to Youtube-dl backend.
2021-03-28 13:56:59,744 - Done downloading audio.
2021-03-28 13:57:03,128 - Done downloading audio.
2021-03-28 13:57:03,129 - ! Video (https://youtu.be/d-KRoAre9lw|Hu Tao Music (Orchestral Version) Let the Living Beware   Genshin Impact) usual forced error.
2021-03-28 13:57:03,129 - Unable to use main Youtube Extractor, switching to Youtube-dl backend.
2021-03-28 13:57:03,820 - Done downloading audio.
2021-03-28 13:57:05,904 - Done downloading audio.
2021-03-28 13:57:05,905 - ! Video (https://youtu.be/P0sE8Es_6J0|(Music) Shadow Cat) usual forced error.
2021-03-28 13:57:05,905 - Unable to use main Youtube Extractor, switching to Youtube-dl backend.
2021-03-28 13:57:06,785 - Done downloading audio.
2021-03-28 13:57:08,606 - Done downloading audio.
2021-03-28 13:57:08,606 - ! Video (https://youtu.be/IU2Liqs2Q3g|Epic Fantasy Boss Music- Heroic Spirit) usual forced error.
2021-03-28 13:57:08,607 - Unable to use main Youtube Extractor, switching to Youtube-dl backend.
2021-03-28 13:57:09,297 - Done downloading audio.
2021-03-28 13:57:11,512 - Done downloading audio.
2021-03-28 13:57:11,512 - ! Video (https://youtu.be/UOtII7Nczi4|(Music) Windport) usual forced error.
2021-03-28 13:57:11,513 - Unable to use main Youtube Extractor, switching to Youtube-dl backend.
2021-03-28 13:57:12,519 - Done downloading audio.
2021-03-28 13:57:15,500 - Done downloading audio.
2021-03-28 13:57:15,501 - ! Video (https://youtu.be/zbulwKjV2qo|Netcromancer's Apprentice) usual forced error.
2021-03-28 13:57:15,501 - Unable to use main Youtube Extractor, switching to Youtube-dl backend.
2021-03-28 13:57:16,409 - Done downloading audio.
2021-03-28 13:57:19,562 - Done downloading audio.
2021-03-28 13:57:19,562 - ! Video (https://youtu.be/PDAdO-zRXNk|Train Ride to Somewhere) usual forced error.
2021-03-28 13:57:19,563 - Unable to use main Youtube Extractor, switching to Youtube-dl backend.
2021-03-28 13:57:20,497 - Done downloading audio.
2021-03-28 13:57:22,919 - Done downloading audio.
2021-03-28 13:57:22,919 - ! Video (https://youtu.be/gVsGabcy9C8|(Relaxing OST)The Thorns of War) usual forced error.
2021-03-28 13:57:22,920 - Unable to use main Youtube Extractor, switching to Youtube-dl backend.
2021-03-28 13:57:24,475 - Done downloading audio.
2021-03-28 13:57:36,629 - ERROR: audio conversion failed: Exiting normally, received signal 15.
Traceback (most recent call last):
  File "C:\Users\sanpee\AppData\Local\Programs\Python\Python38-32\lib\site-packages\youtube_dl\postprocessor\ffmpeg.py", line 265, in run_ffmpeg
    FFmpegPostProcessor.run_ffmpeg(self, path, out_path, opts)
  File "C:\Users\sanpee\AppData\Local\Programs\Python\Python38-32\lib\site-packages\youtube_dl\postprocessor\ffmpeg.py", line 239, in run_ffmpeg
    self.run_ffmpeg_multiple_files([path], out_path, opts)
  File "C:\Users\sanpee\AppData\Local\Programs\Python\Python38-32\lib\site-packages\youtube_dl\postprocessor\ffmpeg.py", line 235, in run_ffmpeg_multiple_files
    raise FFmpegPostProcessorError(msg)
youtube_dl.postprocessor.ffmpeg.FFmpegPostProcessorError: Exiting normally, received signal 15.

During handling of the above exception, another exception occurred:

Traceback (most recent call last):
  File "C:\Users\sanpee\AppData\Local\Programs\Python\Python38-32\lib\site-packages\youtube_dl\postprocessor\ffmpeg.py", line 336, in run
    self.run_ffmpeg(path, new_path, acodec, more_opts)
  File "C:\Users\sanpee\AppData\Local\Programs\Python\Python38-32\lib\site-packages\youtube_dl\postprocessor\ffmpeg.py", line 267, in run_ffmpeg
    raise AudioConversionError(err.msg)
youtube_dl.postprocessor.common.AudioConversionError: Exiting normally, received signal 15.

During handling of the above exception, another exception occurred:

Traceback (most recent call last):
  File "C:\Users\sanpee\AppData\Local\Programs\Python\Python38-32\lib\site-packages\youtube_dl\YoutubeDL.py", line 2106, in post_process
    files_to_delete, info = pp.run(info)
  File "C:\Users\sanpee\AppData\Local\Programs\Python\Python38-32\lib\site-packages\youtube_dl\postprocessor\ffmpeg.py", line 338, in run
    raise PostProcessingError(
youtube_dl.utils.PostProcessingError: audio conversion failed: Exiting normally, received signal 15.

During handling of the above exception, another exception occurred:

Traceback (most recent call last):
  File "C:\Utilities\Scripts\url-dl-v2\extractors\youtube.py", line 611, in download_handler
    youtube_dl_backup(video_info["url"],root_download_dir)
  File "C:\Utilities\Scripts\url-dl-v2\extractors\youtube.py", line 97, in youtube_dl_backup
    ydl.download([url])
  File "C:\Users\sanpee\AppData\Local\Programs\Python\Python38-32\lib\site-packages\youtube_dl\YoutubeDL.py", line 2059, in download
    res = self.extract_info(
  File "C:\Users\sanpee\AppData\Local\Programs\Python\Python38-32\lib\site-packages\youtube_dl\YoutubeDL.py", line 799, in extract_info
    return self.__extract_info(url, ie, download, extra_info, process)
  File "C:\Users\sanpee\AppData\Local\Programs\Python\Python38-32\lib\site-packages\youtube_dl\YoutubeDL.py", line 806, in wrapper
    return func(self, *args, **kwargs)
  File "C:\Users\sanpee\AppData\Local\Programs\Python\Python38-32\lib\site-packages\youtube_dl\YoutubeDL.py", line 838, in __extract_info
    return self.process_ie_result(ie_result, download, extra_info)
  File "C:\Users\sanpee\AppData\Local\Programs\Python\Python38-32\lib\site-packages\youtube_dl\YoutubeDL.py", line 872, in process_ie_result
    return self.process_video_result(ie_result, download=download)
  File "C:\Users\sanpee\AppData\Local\Programs\Python\Python38-32\lib\site-packages\youtube_dl\YoutubeDL.py", line 1683, in process_video_result
    self.process_info(new_info)
  File "C:\Users\sanpee\AppData\Local\Programs\Python\Python38-32\lib\site-packages\youtube_dl\YoutubeDL.py", line 2041, in process_info
    self.post_process(filename, info_dict)
  File "C:\Users\sanpee\AppData\Local\Programs\Python\Python38-32\lib\site-packages\youtube_dl\YoutubeDL.py", line 2108, in post_process
    self.report_error(e.msg)
  File "C:\Users\sanpee\AppData\Local\Programs\Python\Python38-32\lib\site-packages\youtube_dl\YoutubeDL.py", line 628, in report_error
    self.trouble(error_message, tb)
  File "C:\Users\sanpee\AppData\Local\Programs\Python\Python38-32\lib\site-packages\youtube_dl\YoutubeDL.py", line 598, in trouble
    raise DownloadError(message, exc_info)
youtube_dl.utils.DownloadError: ERROR: audio conversion failed: Exiting normally, received signal 15.
